This is pdfTeX, Version 3.141592653-2.6-1.40.24 (TeX Live 2022/Arch Linux) (preloaded format=pdflatex 2022.5.4)  31 OCT 2022 22:38
entering extended mode
 restricted \write18 enabled.
 file:line:error style messages enabled.
 %&-line parsing enabled.
**tesis.tex
(./tesis.tex
LaTeX2e <2021-11-15> patch level 1
L3 programming layer <2022-04-10> (/usr/share/texmf-dist/tex/latex/base/book.cls
Document Class: book 2021/10/04 v1.4n Standard LaTeX document class
(/usr/share/texmf-dist/tex/latex/base/bk12.clo
File: bk12.clo 2021/10/04 v1.4n Standard LaTeX file (size option)
)
\c@part=\count185
\c@chapter=\count186
\c@section=\count187
\c@subsection=\count188
\c@subsubsection=\count189
\c@paragraph=\count190
\c@subparagraph=\count191
\c@figure=\count192
\c@table=\count193
\abovecaptionskip=\skip47
\belowcaptionskip=\skip48
\bibindent=\dimen138
) (./pre.tex (/usr/share/texmf-dist/tex/latex/geometry/geometry.sty
Package: geometry 2020/01/02 v5.9 Page Geometry
 (/usr/share/texmf-dist/tex/latex/graphics/keyval.sty
Package: keyval 2014/10/28 v1.15 key=value parser (DPC)
\KV@toks@=\toks16
) (/usr/share/texmf-dist/tex/generic/iftex/ifvtex.sty
Package: ifvtex 2019/10/25 v1.7 ifvtex legacy package. Use iftex instead.
 (/usr/share/texmf-dist/tex/generic/iftex/iftex.sty
Package: iftex 2022/02/03 v1.0f TeX engine tests
))
\Gm@cnth=\count194
\Gm@cntv=\count195
\c@Gm@tempcnt=\count196
\Gm@bindingoffset=\dimen139
\Gm@wd@mp=\dimen140
\Gm@odd@mp=\dimen141
\Gm@even@mp=\dimen142
\Gm@layoutwidth=\dimen143
\Gm@layoutheight=\dimen144
\Gm@layouthoffset=\dimen145
\Gm@layoutvoffset=\dimen146
\Gm@dimlist=\toks17
) (/usr/share/texmf-dist/tex/latex/amsmath/amsmath.sty
Package: amsmath 2021/10/15 v2.17l AMS math features
\@mathmargin=\skip49

For additional information on amsmath, use the `?' option.
(/usr/share/texmf-dist/tex/latex/amsmath/amstext.sty
Package: amstext 2021/08/26 v2.01 AMS text
 (/usr/share/texmf-dist/tex/latex/amsmath/amsgen.sty
File: amsgen.sty 1999/11/30 v2.0 generic functions
\@emptytoks=\toks18
\ex@=\dimen147
)) (/usr/share/texmf-dist/tex/latex/amsmath/amsbsy.sty
Package: amsbsy 1999/11/29 v1.2d Bold Symbols
\pmbraise@=\dimen148
) (/usr/share/texmf-dist/tex/latex/amsmath/amsopn.sty
Package: amsopn 2021/08/26 v2.02 operator names
)
\inf@bad=\count197
LaTeX Info: Redefining \frac on input line 234.
\uproot@=\count198
\leftroot@=\count199
LaTeX Info: Redefining \overline on input line 399.
\classnum@=\count266
\DOTSCASE@=\count267
LaTeX Info: Redefining \ldots on input line 496.
LaTeX Info: Redefining \dots on input line 499.
LaTeX Info: Redefining \cdots on input line 620.
\Mathstrutbox@=\box50
\strutbox@=\box51
\big@size=\dimen149
LaTeX Font Info:    Redeclaring font encoding OML on input line 743.
LaTeX Font Info:    Redeclaring font encoding OMS on input line 744.
\macc@depth=\count268
\c@MaxMatrixCols=\count269
\dotsspace@=\muskip16
\c@parentequation=\count270
\dspbrk@lvl=\count271
\tag@help=\toks19
\row@=\count272
\column@=\count273
\maxfields@=\count274
\andhelp@=\toks20
\eqnshift@=\dimen150
\alignsep@=\dimen151
\tagshift@=\dimen152
\tagwidth@=\dimen153
\totwidth@=\dimen154
\lineht@=\dimen155
\@envbody=\toks21
\multlinegap=\skip50
\multlinetaggap=\skip51
\mathdisplay@stack=\toks22
LaTeX Info: Redefining \[ on input line 2938.
LaTeX Info: Redefining \] on input line 2939.
) (/usr/share/texmf-dist/tex/latex/amscls/amsthm.sty
Package: amsthm 2020/05/29 v2.20.6
\thm@style=\toks23
\thm@bodyfont=\toks24
\thm@headfont=\toks25
\thm@notefont=\toks26
\thm@headpunct=\toks27
\thm@preskip=\skip52
\thm@postskip=\skip53
\thm@headsep=\skip54
\dth@everypar=\toks28
) (/usr/share/texmf-dist/tex/latex/amsfonts/amssymb.sty
Package: amssymb 2013/01/14 v3.01 AMS font symbols
 (/usr/share/texmf-dist/tex/latex/amsfonts/amsfonts.sty
Package: amsfonts 2013/01/14 v3.01 Basic AMSFonts support
\symAMSa=\mathgroup4
\symAMSb=\mathgroup5
LaTeX Font Info:    Redeclaring math symbol \hbar on input line 98.
LaTeX Font Info:    Overwriting math alphabet `\mathfrak' in version `bold'
(Font)                  U/euf/m/n --> U/euf/b/n on input line 106.
)) (/usr/share/texmf-dist/tex/generic/babel/babel.sty
Package: babel 2022/02/26 3.73 The Babel package
\babel@savecnt=\count275
\U@D=\dimen156
\l@unhyphenated=\language87
 (/usr/share/texmf-dist/tex/generic/babel/txtbabel.def)
\bbl@readstream=\read2
\bbl@dirlevel=\count276
 (/usr/share/texmf-dist/tex/generic/babel-spanish/spanish.ldf
Language: spanish.ldf 2021/05/27 v5.0q Spanish support from the babel system
\es@quottoks=\toks29
\es@quotdepth=\count277
Package babel Info: Making " an active character on input line 570.
Package babel Info: Making . an active character on input line 675.
Package babel Info: Making < an active character on input line 722.
Package babel Info: Making > an active character on input line 722.
)) (/usr/share/texmf-dist/tex/latex/base/fontenc.sty
Package: fontenc 2021/04/29 v2.0v Standard LaTeX package
) (/usr/share/texmf-dist/tex/latex/base/inputenc.sty
Package: inputenc 2021/02/14 v1.3d Input encoding file
\inpenc@prehook=\toks30
\inpenc@posthook=\toks31
) (/usr/share/texmf-dist/tex/latex/lm/lmodern.sty
Package: lmodern 2015/05/01 v1.6.1 Latin Modern Fonts
LaTeX Font Info:    Overwriting symbol font `operators' in version `normal'
(Font)                  OT1/cmr/m/n --> OT1/lmr/m/n on input line 22.
LaTeX Font Info:    Overwriting symbol font `letters' in version `normal'
(Font)                  OML/cmm/m/it --> OML/lmm/m/it on input line 23.
LaTeX Font Info:    Overwriting symbol font `symbols' in version `normal'
(Font)                  OMS/cmsy/m/n --> OMS/lmsy/m/n on input line 24.
LaTeX Font Info:    Overwriting symbol font `largesymbols' in version `normal'
(Font)                  OMX/cmex/m/n --> OMX/lmex/m/n on input line 25.
LaTeX Font Info:    Overwriting symbol font `operators' in version `bold'
(Font)                  OT1/cmr/bx/n --> OT1/lmr/bx/n on input line 26.
LaTeX Font Info:    Overwriting symbol font `letters' in version `bold'
(Font)                  OML/cmm/b/it --> OML/lmm/b/it on input line 27.
LaTeX Font Info:    Overwriting symbol font `symbols' in version `bold'
(Font)                  OMS/cmsy/b/n --> OMS/lmsy/b/n on input line 28.
LaTeX Font Info:    Overwriting symbol font `largesymbols' in version `bold'
(Font)                  OMX/cmex/m/n --> OMX/lmex/m/n on input line 29.
LaTeX Font Info:    Overwriting math alphabet `\mathbf' in version `normal'
(Font)                  OT1/cmr/bx/n --> OT1/lmr/bx/n on input line 31.
LaTeX Font Info:    Overwriting math alphabet `\mathsf' in version `normal'
(Font)                  OT1/cmss/m/n --> OT1/lmss/m/n on input line 32.
LaTeX Font Info:    Overwriting math alphabet `\mathit' in version `normal'
(Font)                  OT1/cmr/m/it --> OT1/lmr/m/it on input line 33.
LaTeX Font Info:    Overwriting math alphabet `\mathtt' in version `normal'
(Font)                  OT1/cmtt/m/n --> OT1/lmtt/m/n on input line 34.
LaTeX Font Info:    Overwriting math alphabet `\mathbf' in version `bold'
(Font)                  OT1/cmr/bx/n --> OT1/lmr/bx/n on input line 35.
LaTeX Font Info:    Overwriting math alphabet `\mathsf' in version `bold'
(Font)                  OT1/cmss/bx/n --> OT1/lmss/bx/n on input line 36.
LaTeX Font Info:    Overwriting math alphabet `\mathit' in version `bold'
(Font)                  OT1/cmr/bx/it --> OT1/lmr/bx/it on input line 37.
LaTeX Font Info:    Overwriting math alphabet `\mathtt' in version `bold'
(Font)                  OT1/cmtt/m/n --> OT1/lmtt/m/n on input line 38.
) (/usr/share/texmf-dist/tex/latex/xcolor/xcolor.sty
Package: xcolor 2021/10/31 v2.13 LaTeX color extensions (UK)
 (/usr/share/texmf-dist/tex/latex/graphics-cfg/color.cfg
File: color.cfg 2016/01/02 v1.6 sample color configuration
)
Package xcolor Info: Driver file: pdftex.def on input line 227.
 (/usr/share/texmf-dist/tex/latex/graphics-def/pdftex.def
File: pdftex.def 2020/10/05 v1.2a Graphics/color driver for pdftex
)
Package xcolor Info: Model `cmy' substituted by `cmy0' on input line 1352.
Package xcolor Info: Model `hsb' substituted by `rgb' on input line 1356.
Package xcolor Info: Model `RGB' extended on input line 1368.
Package xcolor Info: Model `HTML' substituted by `rgb' on input line 1370.
Package xcolor Info: Model `Hsb' substituted by `hsb' on input line 1371.
Package xcolor Info: Model `tHsb' substituted by `hsb' on input line 1372.
Package xcolor Info: Model `HSB' substituted by `hsb' on input line 1373.
Package xcolor Info: Model `Gray' substituted by `gray' on input line 1374.
Package xcolor Info: Model `wave' substituted by `hsb' on input line 1375.
 (/usr/share/texmf-dist/tex/latex/graphics/dvipsnam.def
File: dvipsnam.def 2016/06/17 v3.0m Driver-dependent file (DPC,SPQR)
)) (/usr/share/texmf-dist/tex/latex/url/url.sty
\Urlmuskip=\muskip17
Package: url 2013/09/16  ver 3.4  Verb mode for urls, etc.
) (/usr/share/texmf-dist/tex/latex/graphics/graphicx.sty
Package: graphicx 2021/09/16 v1.2d Enhanced LaTeX Graphics (DPC,SPQR)
 (/usr/share/texmf-dist/tex/latex/graphics/graphics.sty
Package: graphics 2021/03/04 v1.4d Standard LaTeX Graphics (DPC,SPQR)
 (/usr/share/texmf-dist/tex/latex/graphics/trig.sty
Package: trig 2021/08/11 v1.11 sin cos tan (DPC)
) (/usr/share/texmf-dist/tex/latex/graphics-cfg/graphics.cfg
File: graphics.cfg 2016/06/04 v1.11 sample graphics configuration
)
Package graphics Info: Driver file: pdftex.def on input line 107.
)
\Gin@req@height=\dimen157
\Gin@req@width=\dimen158
) (/usr/share/texmf-dist/tex/latex/tcolorbox/tcolorbox.sty
Package: tcolorbox 2022/01/07 version 5.0.2 text color boxes
 (/usr/share/texmf-dist/tex/latex/pgf/basiclayer/pgf.sty (/usr/share/texmf-dist/tex/latex/pgf/utilities/pgfrcs.sty (/usr/share/texmf-dist/tex/generic/pgf/utilities/pgfutil-common.tex
\pgfutil@everybye=\toks32
\pgfutil@tempdima=\dimen159
\pgfutil@tempdimb=\dimen160
 (/usr/share/texmf-dist/tex/generic/pgf/utilities/pgfutil-common-lists.tex)) (/usr/share/texmf-dist/tex/generic/pgf/utilities/pgfutil-latex.def
\pgfutil@abb=\box52
) (/usr/share/texmf-dist/tex/generic/pgf/utilities/pgfrcs.code.tex (/usr/share/texmf-dist/tex/generic/pgf/pgf.revision.tex)
Package: pgfrcs 2021/05/15 v3.1.9a (3.1.9a)
))
Package: pgf 2021/05/15 v3.1.9a (3.1.9a)
 (/usr/share/texmf-dist/tex/latex/pgf/basiclayer/pgfcore.sty (/usr/share/texmf-dist/tex/latex/pgf/systemlayer/pgfsys.sty (/usr/share/texmf-dist/tex/generic/pgf/systemlayer/pgfsys.code.tex
Package: pgfsys 2021/05/15 v3.1.9a (3.1.9a)
 (/usr/share/texmf-dist/tex/generic/pgf/utilities/pgfkeys.code.tex
\pgfkeys@pathtoks=\toks33
\pgfkeys@temptoks=\toks34

(/usr/share/texmf-dist/tex/generic/pgf/utilities/pgfkeysfiltered.code.tex
\pgfkeys@tmptoks=\toks35
))
\pgf@x=\dimen161
\pgf@y=\dimen162
\pgf@xa=\dimen163
\pgf@ya=\dimen164
\pgf@xb=\dimen165
\pgf@yb=\dimen166
\pgf@xc=\dimen167
\pgf@yc=\dimen168
\pgf@xd=\dimen169
\pgf@yd=\dimen170
\w@pgf@writea=\write3
\r@pgf@reada=\read3
\c@pgf@counta=\count278
\c@pgf@countb=\count279
\c@pgf@countc=\count280
\c@pgf@countd=\count281
\t@pgf@toka=\toks36
\t@pgf@tokb=\toks37
\t@pgf@tokc=\toks38
\pgf@sys@id@count=\count282
 (/usr/share/texmf-dist/tex/generic/pgf/systemlayer/pgf.cfg
File: pgf.cfg 2021/05/15 v3.1.9a (3.1.9a)
)
Driver file for pgf: pgfsys-pdftex.def
 (/usr/share/texmf-dist/tex/generic/pgf/systemlayer/pgfsys-pdftex.def
File: pgfsys-pdftex.def 2021/05/15 v3.1.9a (3.1.9a)
 (/usr/share/texmf-dist/tex/generic/pgf/systemlayer/pgfsys-common-pdf.def
File: pgfsys-common-pdf.def 2021/05/15 v3.1.9a (3.1.9a)
))) (/usr/share/texmf-dist/tex/generic/pgf/systemlayer/pgfsyssoftpath.code.tex
File: pgfsyssoftpath.code.tex 2021/05/15 v3.1.9a (3.1.9a)
\pgfsyssoftpath@smallbuffer@items=\count283
\pgfsyssoftpath@bigbuffer@items=\count284
) (/usr/share/texmf-dist/tex/generic/pgf/systemlayer/pgfsysprotocol.code.tex
File: pgfsysprotocol.code.tex 2021/05/15 v3.1.9a (3.1.9a)
)) (/usr/share/texmf-dist/tex/generic/pgf/basiclayer/pgfcore.code.tex
Package: pgfcore 2021/05/15 v3.1.9a (3.1.9a)
 (/usr/share/texmf-dist/tex/generic/pgf/math/pgfmath.code.tex (/usr/share/texmf-dist/tex/generic/pgf/math/pgfmathcalc.code.tex (/usr/share/texmf-dist/tex/generic/pgf/math/pgfmathutil.code.tex) (/usr/share/texmf-dist/tex/generic/pgf/math/pgfmathparser.code.tex
\pgfmath@dimen=\dimen171
\pgfmath@count=\count285
\pgfmath@box=\box53
\pgfmath@toks=\toks39
\pgfmath@stack@operand=\toks40
\pgfmath@stack@operation=\toks41
) (/usr/share/texmf-dist/tex/generic/pgf/math/pgfmathfunctions.code.tex (/usr/share/texmf-dist/tex/generic/pgf/math/pgfmathfunctions.basic.code.tex) (/usr/share/texmf-dist/tex/generic/pgf/math/pgfmathfunctions.trigonometric.code.tex) (/usr/share/texmf-dist/tex/generic/pgf/math/pgfmathfunctions.random.code.tex) (/usr/share/texmf-dist/tex/generic/pgf/math/pgfmathfunctions.comparison.code.tex) (/usr/share/texmf-dist/tex/generic/pgf/math/pgfmathfunctions.base.code.tex) (/usr/share/texmf-dist/tex/generic/pgf/math/pgfmathfunctions.round.code.tex) (/usr/share/texmf-dist/tex/generic/pgf/math/pgfmathfunctions.misc.code.tex) (/usr/share/texmf-dist/tex/generic/pgf/math/pgfmathfunctions.integerarithmetics.code.tex))) (/usr/share/texmf-dist/tex/generic/pgf/math/pgfmathfloat.code.tex
\c@pgfmathroundto@lastzeros=\count286
)) (/usr/share/texmf-dist/tex/generic/pgf/math/pgfint.code.tex) (/usr/share/texmf-dist/tex/generic/pgf/basiclayer/pgfcorepoints.code.tex
File: pgfcorepoints.code.tex 2021/05/15 v3.1.9a (3.1.9a)
\pgf@picminx=\dimen172
\pgf@picmaxx=\dimen173
\pgf@picminy=\dimen174
\pgf@picmaxy=\dimen175
\pgf@pathminx=\dimen176
\pgf@pathmaxx=\dimen177
\pgf@pathminy=\dimen178
\pgf@pathmaxy=\dimen179
\pgf@xx=\dimen180
\pgf@xy=\dimen181
\pgf@yx=\dimen182
\pgf@yy=\dimen183
\pgf@zx=\dimen184
\pgf@zy=\dimen185
) (/usr/share/texmf-dist/tex/generic/pgf/basiclayer/pgfcorepathconstruct.code.tex
File: pgfcorepathconstruct.code.tex 2021/05/15 v3.1.9a (3.1.9a)
\pgf@path@lastx=\dimen186
\pgf@path@lasty=\dimen187
) (/usr/share/texmf-dist/tex/generic/pgf/basiclayer/pgfcorepathusage.code.tex
File: pgfcorepathusage.code.tex 2021/05/15 v3.1.9a (3.1.9a)
\pgf@shorten@end@additional=\dimen188
\pgf@shorten@start@additional=\dimen189
) (/usr/share/texmf-dist/tex/generic/pgf/basiclayer/pgfcorescopes.code.tex
File: pgfcorescopes.code.tex 2021/05/15 v3.1.9a (3.1.9a)
\pgfpic=\box54
\pgf@hbox=\box55
\pgf@layerbox@main=\box56
\pgf@picture@serial@count=\count287
) (/usr/share/texmf-dist/tex/generic/pgf/basiclayer/pgfcoregraphicstate.code.tex
File: pgfcoregraphicstate.code.tex 2021/05/15 v3.1.9a (3.1.9a)
\pgflinewidth=\dimen190
)
(/usr/share/texmf-dist/tex/generic/pgf/basiclayer/pgfcoretransformations.code.tex
File: pgfcoretransformations.code.tex 2021/05/15 v3.1.9a (3.1.9a)
\pgf@pt@x=\dimen191
\pgf@pt@y=\dimen192
\pgf@pt@temp=\dimen193
) (/usr/share/texmf-dist/tex/generic/pgf/basiclayer/pgfcorequick.code.tex
File: pgfcorequick.code.tex 2021/05/15 v3.1.9a (3.1.9a)
) (/usr/share/texmf-dist/tex/generic/pgf/basiclayer/pgfcoreobjects.code.tex
File: pgfcoreobjects.code.tex 2021/05/15 v3.1.9a (3.1.9a)
) (/usr/share/texmf-dist/tex/generic/pgf/basiclayer/pgfcorepathprocessing.code.tex
File: pgfcorepathprocessing.code.tex 2021/05/15 v3.1.9a (3.1.9a)
) (/usr/share/texmf-dist/tex/generic/pgf/basiclayer/pgfcorearrows.code.tex
File: pgfcorearrows.code.tex 2021/05/15 v3.1.9a (3.1.9a)
\pgfarrowsep=\dimen194
) (/usr/share/texmf-dist/tex/generic/pgf/basiclayer/pgfcoreshade.code.tex
File: pgfcoreshade.code.tex 2021/05/15 v3.1.9a (3.1.9a)
\pgf@max=\dimen195
\pgf@sys@shading@range@num=\count288
\pgf@shadingcount=\count289
) (/usr/share/texmf-dist/tex/generic/pgf/basiclayer/pgfcoreimage.code.tex
File: pgfcoreimage.code.tex 2021/05/15 v3.1.9a (3.1.9a)
 (/usr/share/texmf-dist/tex/generic/pgf/basiclayer/pgfcoreexternal.code.tex
File: pgfcoreexternal.code.tex 2021/05/15 v3.1.9a (3.1.9a)
\pgfexternal@startupbox=\box57
)) (/usr/share/texmf-dist/tex/generic/pgf/basiclayer/pgfcorelayers.code.tex
File: pgfcorelayers.code.tex 2021/05/15 v3.1.9a (3.1.9a)
) (/usr/share/texmf-dist/tex/generic/pgf/basiclayer/pgfcoretransparency.code.tex
File: pgfcoretransparency.code.tex 2021/05/15 v3.1.9a (3.1.9a)
) (/usr/share/texmf-dist/tex/generic/pgf/basiclayer/pgfcorepatterns.code.tex
File: pgfcorepatterns.code.tex 2021/05/15 v3.1.9a (3.1.9a)
) (/usr/share/texmf-dist/tex/generic/pgf/basiclayer/pgfcorerdf.code.tex
File: pgfcorerdf.code.tex 2021/05/15 v3.1.9a (3.1.9a)
))) (/usr/share/texmf-dist/tex/generic/pgf/modules/pgfmoduleshapes.code.tex
File: pgfmoduleshapes.code.tex 2021/05/15 v3.1.9a (3.1.9a)
\pgfnodeparttextbox=\box58
) (/usr/share/texmf-dist/tex/generic/pgf/modules/pgfmoduleplot.code.tex
File: pgfmoduleplot.code.tex 2021/05/15 v3.1.9a (3.1.9a)
) (/usr/share/texmf-dist/tex/latex/pgf/compatibility/pgfcomp-version-0-65.sty
Package: pgfcomp-version-0-65 2021/05/15 v3.1.9a (3.1.9a)
\pgf@nodesepstart=\dimen196
\pgf@nodesepend=\dimen197
) (/usr/share/texmf-dist/tex/latex/pgf/compatibility/pgfcomp-version-1-18.sty
Package: pgfcomp-version-1-18 2021/05/15 v3.1.9a (3.1.9a)
)) (/usr/share/texmf-dist/tex/latex/tools/verbatim.sty
Package: verbatim 2020-07-07 v1.5u LaTeX2e package for verbatim enhancements
\every@verbatim=\toks42
\verbatim@line=\toks43
\verbatim@in@stream=\read4
) (/usr/share/texmf-dist/tex/latex/environ/environ.sty
Package: environ 2014/05/04 v0.3 A new way to define environments
 (/usr/share/texmf-dist/tex/latex/trimspaces/trimspaces.sty
Package: trimspaces 2009/09/17 v1.1 Trim spaces around a token list
)) (/usr/share/texmf-dist/tex/latex/etoolbox/etoolbox.sty
Package: etoolbox 2020/10/05 v2.5k e-TeX tools for LaTeX (JAW)
\etb@tempcnta=\count290
)
\tcb@titlebox=\box59
\tcb@upperbox=\box60
\tcb@lowerbox=\box61
\tcb@phantombox=\box62
\c@tcbbreakpart=\count291
\c@tcblayer=\count292
\c@tcolorbox@number=\count293
\tcb@temp=\box63
\tcb@temp=\box64
\tcb@temp=\box65
\tcb@temp=\box66
) (/usr/share/texmf-dist/tex/latex/enumitem/enumitem.sty
Package: enumitem 2019/06/20 v3.9 Customized lists
\labelindent=\skip55
\enit@outerparindent=\dimen198
\enit@toks=\toks44
\enit@inbox=\box67
\enit@count@id=\count294
\enitdp@description=\count295
) (/usr/share/texmf-dist/tex/latex/tools/tabularx.sty
Package: tabularx 2020/01/15 v2.11c `tabularx' package (DPC)
 (/usr/share/texmf-dist/tex/latex/tools/array.sty
Package: array 2021/10/04 v2.5f Tabular extension package (FMi)
\col@sep=\dimen199
\ar@mcellbox=\box68
\extrarowheight=\dimen256
\NC@list=\toks45
\extratabsurround=\skip56
\backup@length=\skip57
\ar@cellbox=\box69
)
\TX@col@width=\dimen257
\TX@old@table=\dimen258
\TX@old@col=\dimen259
\TX@target=\dimen260
\TX@delta=\dimen261
\TX@cols=\count296
\TX@ftn=\toks46
) (/usr/share/texmf-dist/tex/latex/multirow/multirow.sty
Package: multirow 2021/03/15 v2.8 Span multiple rows of a table
\multirow@colwidth=\skip58
\multirow@cntb=\count297
\multirow@dima=\skip59
\bigstrutjot=\dimen262
) (/usr/share/texmf-dist/tex/latex/hyperref/hyperref.sty
Package: hyperref 2022-02-21 v7.00n Hypertext links for LaTeX
 (/usr/share/texmf-dist/tex/generic/ltxcmds/ltxcmds.sty
Package: ltxcmds 2020-05-10 v1.25 LaTeX kernel commands for general use (HO)
) (/usr/share/texmf-dist/tex/generic/pdftexcmds/pdftexcmds.sty
Package: pdftexcmds 2020-06-27 v0.33 Utility functions of pdfTeX for LuaTeX (HO)
 (/usr/share/texmf-dist/tex/generic/infwarerr/infwarerr.sty
Package: infwarerr 2019/12/03 v1.5 Providing info/warning/error messages (HO)
)
Package pdftexcmds Info: \pdf@primitive is available.
Package pdftexcmds Info: \pdf@ifprimitive is available.
Package pdftexcmds Info: \pdfdraftmode found.
) (/usr/share/texmf-dist/tex/generic/kvsetkeys/kvsetkeys.sty
Package: kvsetkeys 2019/12/15 v1.18 Key value parser (HO)
)
(/usr/share/texmf-dist/tex/generic/kvdefinekeys/kvdefinekeys.sty
Package: kvdefinekeys 2019-12-19 v1.6 Define keys (HO)
) (/usr/share/texmf-dist/tex/generic/pdfescape/pdfescape.sty
Package: pdfescape 2019/12/09 v1.15 Implements pdfTeX's escape features (HO)
) (/usr/share/texmf-dist/tex/latex/hycolor/hycolor.sty
Package: hycolor 2020-01-27 v1.10 Color options for hyperref/bookmark (HO)
) (/usr/share/texmf-dist/tex/latex/letltxmacro/letltxmacro.sty
Package: letltxmacro 2019/12/03 v1.6 Let assignment for LaTeX macros (HO)
) (/usr/share/texmf-dist/tex/latex/auxhook/auxhook.sty
Package: auxhook 2019-12-17 v1.6 Hooks for auxiliary files (HO)
) (/usr/share/texmf-dist/tex/latex/kvoptions/kvoptions.sty
Package: kvoptions 2020-10-07 v3.14 Key value format for package options (HO)
)
\@linkdim=\dimen263
\Hy@linkcounter=\count298
\Hy@pagecounter=\count299
 (/usr/share/texmf-dist/tex/latex/hyperref/pd1enc.def
File: pd1enc.def 2022-02-21 v7.00n Hyperref: PDFDocEncoding definition (HO)
Now handling font encoding PD1 ...
... no UTF-8 mapping file for font encoding PD1
) (/usr/share/texmf-dist/tex/generic/intcalc/intcalc.sty
Package: intcalc 2019/12/15 v1.3 Expandable calculations with integers (HO)
) (/usr/share/texmf-dist/tex/generic/etexcmds/etexcmds.sty
Package: etexcmds 2019/12/15 v1.7 Avoid name clashes with e-TeX commands (HO)
)
\Hy@SavedSpaceFactor=\count300
 (/usr/share/texmf-dist/tex/latex/hyperref/puenc.def
File: puenc.def 2022-02-21 v7.00n Hyperref: PDF Unicode definition (HO)
Now handling font encoding PU ...
... no UTF-8 mapping file for font encoding PU
)
Package hyperref Info: Hyper figures OFF on input line 4137.
Package hyperref Info: Link nesting OFF on input line 4142.
Package hyperref Info: Hyper index ON on input line 4145.
Package hyperref Info: Plain pages OFF on input line 4152.
Package hyperref Info: Backreferencing OFF on input line 4157.
Package hyperref Info: Implicit mode ON; LaTeX internals redefined.
Package hyperref Info: Bookmarks ON on input line 4390.
\c@Hy@tempcnt=\count301
LaTeX Info: Redefining \url on input line 4749.
\XeTeXLinkMargin=\dimen264
 (/usr/share/texmf-dist/tex/generic/bitset/bitset.sty
Package: bitset 2019/12/09 v1.3 Handle bit-vector datatype (HO)
 (/usr/share/texmf-dist/tex/generic/bigintcalc/bigintcalc.sty
Package: bigintcalc 2019/12/15 v1.5 Expandable calculations on big integers (HO)
))
\Fld@menulength=\count302
\Field@Width=\dimen265
\Fld@charsize=\dimen266
Package hyperref Info: Hyper figures OFF on input line 6027.
Package hyperref Info: Link nesting OFF on input line 6032.
Package hyperref Info: Hyper index ON on input line 6035.
Package hyperref Info: backreferencing OFF on input line 6042.
Package hyperref Info: Link coloring OFF on input line 6047.
Package hyperref Info: Link coloring with OCG OFF on input line 6052.
Package hyperref Info: PDF/A mode OFF on input line 6057.
LaTeX Info: Redefining \ref on input line 6097.
LaTeX Info: Redefining \pageref on input line 6101.
 (/usr/share/texmf-dist/tex/latex/base/atbegshi-ltx.sty
Package: atbegshi-ltx 2021/01/10 v1.0c Emulation of the original atbegshi
package with kernel methods
)
\Hy@abspage=\count303
\c@Item=\count304
\c@Hfootnote=\count305
)
Package hyperref Info: Driver: hpdftex.
 (/usr/share/texmf-dist/tex/latex/hyperref/hpdftex.def
File: hpdftex.def 2022-02-21 v7.00n Hyperref driver for pdfTeX
 (/usr/share/texmf-dist/tex/latex/base/atveryend-ltx.sty
Package: atveryend-ltx 2020/08/19 v1.0a Emulation of the original atveryend package
with kernel methods
)
\Fld@listcount=\count306
\c@bookmark@seq@number=\count307
 (/usr/share/texmf-dist/tex/latex/rerunfilecheck/rerunfilecheck.sty
Package: rerunfilecheck 2019/12/05 v1.9 Rerun checks for auxiliary files (HO)
 (/usr/share/texmf-dist/tex/generic/uniquecounter/uniquecounter.sty
Package: uniquecounter 2019/12/15 v1.4 Provide unlimited unique counter (HO)
)
Package uniquecounter Info: New unique counter `rerunfilecheck' on input line 286.
)
\Hy@SectionHShift=\skip60
) (/usr/share/texmf-dist/tex/latex/braket/braket.sty) (/usr/share/texmf-dist/tex/latex/pgf/frontendlayer/tikz.sty (/usr/share/texmf-dist/tex/latex/pgf/utilities/pgffor.sty (/usr/share/texmf-dist/tex/latex/pgf/utilities/pgfkeys.sty (/usr/share/texmf-dist/tex/generic/pgf/utilities/pgfkeys.code.tex)) (/usr/share/texmf-dist/tex/latex/pgf/math/pgfmath.sty (/usr/share/texmf-dist/tex/generic/pgf/math/pgfmath.code.tex)) (/usr/share/texmf-dist/tex/generic/pgf/utilities/pgffor.code.tex
Package: pgffor 2021/05/15 v3.1.9a (3.1.9a)
 (/usr/share/texmf-dist/tex/generic/pgf/math/pgfmath.code.tex)
\pgffor@iter=\dimen267
\pgffor@skip=\dimen268
\pgffor@stack=\toks47
\pgffor@toks=\toks48
)) (/usr/share/texmf-dist/tex/generic/pgf/frontendlayer/tikz/tikz.code.tex
Package: tikz 2021/05/15 v3.1.9a (3.1.9a)
 (/usr/share/texmf-dist/tex/generic/pgf/libraries/pgflibraryplothandlers.code.tex
File: pgflibraryplothandlers.code.tex 2021/05/15 v3.1.9a (3.1.9a)
\pgf@plot@mark@count=\count308
\pgfplotmarksize=\dimen269
)
\tikz@lastx=\dimen270
\tikz@lasty=\dimen271
\tikz@lastxsaved=\dimen272
\tikz@lastysaved=\dimen273
\tikz@lastmovetox=\dimen274
\tikz@lastmovetoy=\dimen275
\tikzleveldistance=\dimen276
\tikzsiblingdistance=\dimen277
\tikz@figbox=\box70
\tikz@figbox@bg=\box71
\tikz@tempbox=\box72
\tikz@tempbox@bg=\box73
\tikztreelevel=\count309
\tikznumberofchildren=\count310
\tikznumberofcurrentchild=\count311
\tikz@fig@count=\count312
 (/usr/share/texmf-dist/tex/generic/pgf/modules/pgfmodulematrix.code.tex
File: pgfmodulematrix.code.tex 2021/05/15 v3.1.9a (3.1.9a)
\pgfmatrixcurrentrow=\count313
\pgfmatrixcurrentcolumn=\count314
\pgf@matrix@numberofcolumns=\count315
)
\tikz@expandcount=\count316
 (/usr/share/texmf-dist/tex/generic/pgf/frontendlayer/tikz/libraries/tikzlibrarytopaths.code.tex
File: tikzlibrarytopaths.code.tex 2021/05/15 v3.1.9a (3.1.9a)
))) (/usr/share/texmf-dist/tex/generic/tikz-cd/tikzlibrarycd.code.tex
(/usr/share/texmf-dist/tex/generic/pgf/frontendlayer/tikz/libraries/tikzlibrarymatrix.code.tex
File: tikzlibrarymatrix.code.tex 2021/05/15 v3.1.9a (3.1.9a)
) (/usr/share/texmf-dist/tex/generic/pgf/frontendlayer/tikz/libraries/tikzlibraryquotes.code.tex
File: tikzlibraryquotes.code.tex 2021/05/15 v3.1.9a (3.1.9a)
) (/usr/share/texmf-dist/tex/generic/pgf/libraries/pgflibraryarrows.meta.code.tex
File: pgflibraryarrows.meta.code.tex 2021/05/15 v3.1.9a (3.1.9a)
\pgfarrowinset=\dimen278
\pgfarrowlength=\dimen279
\pgfarrowwidth=\dimen280
\pgfarrowlinewidth=\dimen281
)) (/usr/share/texmf-dist/tex/generic/pgf/frontendlayer/tikz/libraries/tikzlibrarybabel.code.tex
File: tikzlibrarybabel.code.tex 2021/05/15 v3.1.9a (3.1.9a)
) (/usr/share/texmf-dist/tex/latex/pgfplots/pgfplots.sty (/usr/share/texmf-dist/tex/generic/pgfplots/pgfplots.revision.tex)
Package: pgfplots 2021/05/15 v1.18.1 Data Visualization (1.18.1)
 (/usr/share/texmf-dist/tex/generic/pgfplots/pgfplots.code.tex (/usr/share/texmf-dist/tex/generic/pgfplots/pgfplotscore.code.tex
\t@pgfplots@toka=\toks49
\t@pgfplots@tokb=\toks50
\t@pgfplots@tokc=\toks51
\pgfplots@tmpa=\dimen282
\c@pgfplots@coordindex=\count317
\c@pgfplots@scanlineindex=\count318
 (/usr/share/texmf-dist/tex/generic/pgfplots/sys/pgfplotssysgeneric.code.tex)) (/usr/share/texmf-dist/tex/generic/pgfplots/libs/pgfplotslibrary.code.tex) (/usr/share/texmf-dist/tex/generic/pgfplots/oldpgfcompatib/pgfplotsoldpgfsupp_loader.code.tex (/usr/share/texmf-dist/tex/generic/pgf/libraries/pgflibraryfpu.code.tex)) (/usr/share/texmf-dist/tex/generic/pgfplots/util/pgfplotsutil.code.tex (/usr/share/texmf-dist/tex/generic/pgfplots/liststructure/pgfplotsliststructure.code.tex) (/usr/share/texmf-dist/tex/generic/pgfplots/liststructure/pgfplotsliststructureext.code.tex) (/usr/share/texmf-dist/tex/generic/pgfplots/liststructure/pgfplotsarray.code.tex
\c@pgfplotsarray@tmp=\count319
) (/usr/share/texmf-dist/tex/generic/pgfplots/liststructure/pgfplotsmatrix.code.tex) (/usr/share/texmf-dist/tex/generic/pgfplots/numtable/pgfplotstableshared.code.tex
\c@pgfplotstable@counta=\count320
\t@pgfplotstable@a=\toks52
) (/usr/share/texmf-dist/tex/generic/pgfplots/liststructure/pgfplotsdeque.code.tex) (/usr/share/texmf-dist/tex/generic/pgfplots/util/pgfplotsbinary.code.tex (/usr/share/texmf-dist/tex/generic/pgfplots/util/pgfplotsbinary.data.code.tex)) (/usr/share/texmf-dist/tex/generic/pgfplots/util/pgfplotsutil.verb.code.tex) (/usr/share/texmf-dist/tex/generic/pgfplots/libs/pgflibrarypgfplots.surfshading.code.tex
\c@pgfplotslibrarysurf@no=\count321
 (/usr/share/texmf-dist/tex/generic/pgfplots/sys/pgflibrarypgfplots.surfshading.pgfsys-pdftex.def)))
(/usr/share/texmf-dist/tex/generic/pgfplots/util/pgfplotscolormap.code.tex (/usr/share/texmf-dist/tex/generic/pgfplots/util/pgfplotscolor.code.tex)) (/usr/share/texmf-dist/tex/generic/pgfplots/pgfplotsstackedplots.code.tex) (/usr/share/texmf-dist/tex/generic/pgfplots/pgfplotsplothandlers.code.tex (/usr/share/texmf-dist/tex/generic/pgfplots/pgfplotsmeshplothandler.code.tex (/usr/share/texmf-dist/tex/generic/pgfplots/pgfplotsmeshplotimage.code.tex))) (/usr/share/texmf-dist/tex/generic/pgfplots/pgfplots.scaling.code.tex) (/usr/share/texmf-dist/tex/generic/pgfplots/pgfplotscoordprocessing.code.tex) (/usr/share/texmf-dist/tex/generic/pgfplots/pgfplots.errorbars.code.tex) (/usr/share/texmf-dist/tex/generic/pgfplots/pgfplots.markers.code.tex) (/usr/share/texmf-dist/tex/generic/pgfplots/pgfplotsticks.code.tex) (/usr/share/texmf-dist/tex/generic/pgfplots/pgfplots.paths.code.tex) (/usr/share/texmf-dist/tex/generic/pgf/frontendlayer/tikz/libraries/tikzlibrarydecorations.code.tex (/usr/share/texmf-dist/tex/generic/pgf/modules/pgfmoduledecorations.code.tex
\pgfdecoratedcompleteddistance=\dimen283
\pgfdecoratedremainingdistance=\dimen284
\pgfdecoratedinputsegmentcompleteddistance=\dimen285
\pgfdecoratedinputsegmentremainingdistance=\dimen286
\pgf@decorate@distancetomove=\dimen287
\pgf@decorate@repeatstate=\count322
\pgfdecorationsegmentamplitude=\dimen288
\pgfdecorationsegmentlength=\dimen289
)
\tikz@lib@dec@box=\box74
) (/usr/share/texmf-dist/tex/generic/pgf/frontendlayer/tikz/libraries/tikzlibrarydecorations.pathmorphing.code.tex (/usr/share/texmf-dist/tex/generic/pgf/libraries/decorations/pgflibrarydecorations.pathmorphing.code.tex)) (/usr/share/texmf-dist/tex/generic/pgf/frontendlayer/tikz/libraries/tikzlibrarydecorations.pathreplacing.code.tex (/usr/share/texmf-dist/tex/generic/pgf/libraries/decorations/pgflibrarydecorations.pathreplacing.code.tex)) (/usr/share/texmf-dist/tex/generic/pgfplots/libs/tikzlibrarypgfplots.contourlua.code.tex)
\pgfplots@numplots=\count323
\pgfplots@xmin@reg=\dimen290
\pgfplots@xmax@reg=\dimen291
\pgfplots@ymin@reg=\dimen292
\pgfplots@ymax@reg=\dimen293
\pgfplots@zmin@reg=\dimen294
\pgfplots@zmax@reg=\dimen295
) (/usr/share/texmf-dist/tex/generic/pgf/frontendlayer/tikz/libraries/tikzlibraryplotmarks.code.tex
File: tikzlibraryplotmarks.code.tex 2021/05/15 v3.1.9a (3.1.9a)
 (/usr/share/texmf-dist/tex/generic/pgf/libraries/pgflibraryplotmarks.code.tex
File: pgflibraryplotmarks.code.tex 2021/05/15 v3.1.9a (3.1.9a)
))) (/usr/share/texmf-dist/tex/latex/caption/caption.sty
Package: caption 2022/03/01 v3.6b Customizing captions (AR)
 (/usr/share/texmf-dist/tex/latex/caption/caption3.sty
Package: caption3 2022/03/17 v2.3b caption3 kernel (AR)
\caption@tempdima=\dimen296
\captionmargin=\dimen297
\caption@leftmargin=\dimen298
\caption@rightmargin=\dimen299
\caption@width=\dimen300
\caption@indent=\dimen301
\caption@parindent=\dimen302
\caption@hangindent=\dimen303
Package caption Info: Standard document class detected.
)
\c@caption@flags=\count324
\c@continuedfloat=\count325
Package caption Info: hyperref package is loaded.
) (/usr/share/texmf-dist/tex/latex/jknapltx/mathrsfs.sty
Package: mathrsfs 1996/01/01 Math RSFS package v1.0 (jk)
\symrsfs=\mathgroup6
) (/usr/share/texmf-dist/tex/latex/caption/subcaption.sty
Package: subcaption 2022/01/07 v1.5 Sub-captions (AR)
\c@subfigure=\count326
\c@subtable=\count327
)
(/usr/share/texmf-dist/tex/latex/subfiles/subfiles.sty
Package: subfiles 2020/11/14 v2.2 Multi-file projects (package)
 (/usr/share/texmf-dist/tex/latex/import/import.sty
Package: import 2020/04/01  v 6.2
)) (/usr/share/texmf-dist/tex/latex/mdframed/mdframed.sty
Package: mdframed 2013/07/01 1.9b: mdframed
 (/usr/share/texmf-dist/tex/latex/l3packages/xparse/xparse.sty (/usr/share/texmf-dist/tex/latex/l3kernel/expl3.sty
Package: expl3 2022-04-10 L3 programming layer (loader) 
 (/usr/share/texmf-dist/tex/latex/l3backend/l3backend-pdftex.def
File: l3backend-pdftex.def 2022-04-14 L3 backend support: PDF output (pdfTeX)
\l__color_backend_stack_int=\count328
\l__pdf_internal_box=\box75
))
Package: xparse 2022-01-12 L3 Experimental document command parser
) (/usr/share/texmf-dist/tex/latex/zref/zref-abspage.sty
Package: zref-abspage 2022-04-07 v2.34 Module abspage for zref (HO)
 (/usr/share/texmf-dist/tex/latex/zref/zref-base.sty
Package: zref-base 2022-04-07 v2.34 Module base for zref (HO)
Package zref Info: New property list: main on input line 767.
Package zref Info: New property: default on input line 768.
Package zref Info: New property: page on input line 769.
)
\c@abspage=\count329
Package zref Info: New property: abspage on input line 65.
) (/usr/share/texmf-dist/tex/latex/needspace/needspace.sty
Package: needspace 2010/09/12 v1.3d reserve vertical space
)
\mdf@templength=\skip61
\c@mdf@globalstyle@cnt=\count330
\mdf@skipabove@length=\skip62
\mdf@skipbelow@length=\skip63
\mdf@leftmargin@length=\skip64
\mdf@rightmargin@length=\skip65
\mdf@innerleftmargin@length=\skip66
\mdf@innerrightmargin@length=\skip67
\mdf@innertopmargin@length=\skip68
\mdf@innerbottommargin@length=\skip69
\mdf@splittopskip@length=\skip70
\mdf@splitbottomskip@length=\skip71
\mdf@outermargin@length=\skip72
\mdf@innermargin@length=\skip73
\mdf@linewidth@length=\skip74
\mdf@innerlinewidth@length=\skip75
\mdf@middlelinewidth@length=\skip76
\mdf@outerlinewidth@length=\skip77
\mdf@roundcorner@length=\skip78
\mdf@footenotedistance@length=\skip79
\mdf@userdefinedwidth@length=\skip80
\mdf@needspace@length=\skip81
\mdf@frametitleaboveskip@length=\skip82
\mdf@frametitlebelowskip@length=\skip83
\mdf@frametitlerulewidth@length=\skip84
\mdf@frametitleleftmargin@length=\skip85
\mdf@frametitlerightmargin@length=\skip86
\mdf@shadowsize@length=\skip87
\mdf@extratopheight@length=\skip88
\mdf@subtitleabovelinewidth@length=\skip89
\mdf@subtitlebelowlinewidth@length=\skip90
\mdf@subtitleaboveskip@length=\skip91
\mdf@subtitlebelowskip@length=\skip92
\mdf@subtitleinneraboveskip@length=\skip93
\mdf@subtitleinnerbelowskip@length=\skip94
\mdf@subsubtitleabovelinewidth@length=\skip95
\mdf@subsubtitlebelowlinewidth@length=\skip96
\mdf@subsubtitleaboveskip@length=\skip97
\mdf@subsubtitlebelowskip@length=\skip98
\mdf@subsubtitleinneraboveskip@length=\skip99
\mdf@subsubtitleinnerbelowskip@length=\skip100
 (/usr/share/texmf-dist/tex/latex/mdframed/md-frame-0.mdf
File: md-frame-0.mdf 2013/07/01\ 1.9b: md-frame-0
)
\mdf@frametitlebox=\box76
\mdf@footnotebox=\box77
\mdf@splitbox@one=\box78
\mdf@splitbox@two=\box79
\mdf@splitbox@save=\box80
\mdfsplitboxwidth=\skip101
\mdfsplitboxtotalwidth=\skip102
\mdfsplitboxheight=\skip103
\mdfsplitboxdepth=\skip104
\mdfsplitboxtotalheight=\skip105
\mdfframetitleboxwidth=\skip106
\mdfframetitleboxtotalwidth=\skip107
\mdfframetitleboxheight=\skip108
\mdfframetitleboxdepth=\skip109
\mdfframetitleboxtotalheight=\skip110
\mdffootnoteboxwidth=\skip111
\mdffootnoteboxtotalwidth=\skip112
\mdffootnoteboxheight=\skip113
\mdffootnoteboxdepth=\skip114
\mdffootnoteboxtotalheight=\skip115
\mdftotallinewidth=\skip116
\mdfboundingboxwidth=\skip117
\mdfboundingboxtotalwidth=\skip118
\mdfboundingboxheight=\skip119
\mdfboundingboxdepth=\skip120
\mdfboundingboxtotalheight=\skip121
\mdf@freevspace@length=\skip122
\mdf@horizontalwidthofbox@length=\skip123
\mdf@verticalmarginwhole@length=\skip124
\mdf@horizontalspaceofbox=\skip125
\mdfsubtitleheight=\skip126
\mdfsubsubtitleheight=\skip127
\c@mdfcountframes=\count331

****** mdframed patching \endmdf@trivlist

****** -- success******

\mdf@envdepth=\count332
\c@mdf@env@i=\count333
\c@mdf@env@ii=\count334
\c@mdf@zref@counter=\count335
Package zref Info: New property: mdf@pagevalue on input line 895.
) (/usr/share/texmf-dist/tex/latex/bbm-macros/bbm.sty
Package: bbm 1999/03/15 V 1.2 provides fonts for set symbols - TH
LaTeX Font Info:    Overwriting math alphabet `\mathbbm' in version `bold'
(Font)                  U/bbm/m/n --> U/bbm/bx/n on input line 33.
LaTeX Font Info:    Overwriting math alphabet `\mathbbmss' in version `bold'
(Font)                  U/bbmss/m/n --> U/bbmss/bx/n on input line 35.
) (/usr/share/texmf-dist/tex/latex/faktor/faktor.sty
Package: faktor 2006/04/05 v0.1b Faktor-Ringe, -Gruppen, -Raeume (PE)
\faktor@zaehlerhoehe=\skip128
\faktor@nennerhoehe=\skip129
) (/usr/share/texmf-dist/tex/latex/adjustbox/adjustbox.sty
Package: adjustbox 2020/08/19 v1.3 Adjusting TeX boxes (trim, clip, ...)
 (/usr/share/texmf-dist/tex/latex/xkeyval/xkeyval.sty
Package: xkeyval 2020/11/20 v2.8 package option processing (HA)
 (/usr/share/texmf-dist/tex/generic/xkeyval/xkeyval.tex (/usr/share/texmf-dist/tex/generic/xkeyval/xkvutils.tex
\XKV@toks=\toks53
\XKV@tempa@toks=\toks54
)
\XKV@depth=\count336
File: xkeyval.tex 2014/12/03 v2.7a key=value parser (HA)
)) (/usr/share/texmf-dist/tex/latex/adjustbox/adjcalc.sty
Package: adjcalc 2012/05/16 v1.1 Provides advanced setlength with multiple back-ends (calc, etex, pgfmath)
) (/usr/share/texmf-dist/tex/latex/adjustbox/trimclip.sty
Package: trimclip 2020/08/19 v1.2 Trim and clip general TeX material
 (/usr/share/texmf-dist/tex/latex/collectbox/collectbox.sty
Package: collectbox 2012/05/17 v0.4b Collect macro arguments as boxes
\collectedbox=\box81
)
\tc@llx=\dimen304
\tc@lly=\dimen305
\tc@urx=\dimen306
\tc@ury=\dimen307
Package trimclip Info: Using driver 'tc-pdftex.def'.
 (/usr/share/texmf-dist/tex/latex/adjustbox/tc-pdftex.def
File: tc-pdftex.def 2019/01/04 v2.2 Clipping driver for pdftex
))
\adjbox@Width=\dimen308
\adjbox@Height=\dimen309
\adjbox@Depth=\dimen310
\adjbox@Totalheight=\dimen311
\adjbox@pwidth=\dimen312
\adjbox@pheight=\dimen313
\adjbox@pdepth=\dimen314
\adjbox@ptotalheight=\dimen315
 (/usr/share/texmf-dist/tex/latex/ifoddpage/ifoddpage.sty
Package: ifoddpage 2016/04/23 v1.1 Conditionals for odd/even page detection
\c@checkoddpage=\count337
) (/usr/share/texmf-dist/tex/latex/varwidth/varwidth.sty
Package: varwidth 2009/03/30 ver 0.92;  Variable-width minipages
\@vwid@box=\box82
\sift@deathcycles=\count338
\@vwid@loff=\dimen316
\@vwid@roff=\dimen317
)) (/usr/share/texmf-dist/tex/latex/mathtools/mathtools.sty
Package: mathtools 2022/02/07 v1.28a mathematical typesetting tools
 (/usr/share/texmf-dist/tex/latex/tools/calc.sty
Package: calc 2017/05/25 v4.3 Infix arithmetic (KKT,FJ)
\calc@Acount=\count339
\calc@Bcount=\count340
\calc@Adimen=\dimen318
\calc@Bdimen=\dimen319
\calc@Askip=\skip130
\calc@Bskip=\skip131
LaTeX Info: Redefining \setlength on input line 80.
LaTeX Info: Redefining \addtolength on input line 81.
\calc@Ccount=\count341
\calc@Cskip=\skip132
) (/usr/share/texmf-dist/tex/latex/mathtools/mhsetup.sty
Package: mhsetup 2021/03/18 v1.4 programming setup (MH)
)
\g_MT_multlinerow_int=\count342
\l_MT_multwidth_dim=\dimen320
\origjot=\skip133
\l_MT_shortvdotswithinadjustabove_dim=\dimen321
\l_MT_shortvdotswithinadjustbelow_dim=\dimen322
\l_MT_above_intertext_sep=\dimen323
\l_MT_below_intertext_sep=\dimen324
\l_MT_above_shortintertext_sep=\dimen325
\l_MT_below_shortintertext_sep=\dimen326
\xmathstrut@box=\box83
\xmathstrut@dim=\dimen327
) (/usr/share/texmf-dist/tex/latex/biblatex/biblatex.sty
Package: biblatex 2022/02/02 v3.17 programmable bibliographies (PK/MW)
 (/usr/share/texmf-dist/tex/latex/logreq/logreq.sty
Package: logreq 2010/08/04 v1.0 xml request logger
\lrq@indent=\count343
 (/usr/share/texmf-dist/tex/latex/logreq/logreq.def
File: logreq.def 2010/08/04 v1.0 logreq spec v1.0
)) (/usr/share/texmf-dist/tex/latex/base/ifthen.sty
Package: ifthen 2020/11/24 v1.1c Standard LaTeX ifthen package (DPC)
)
\c@tabx@nest=\count344
\c@listtotal=\count345
\c@listcount=\count346
\c@liststart=\count347
\c@liststop=\count348
\c@citecount=\count349
\c@citetotal=\count350
\c@multicitecount=\count351
\c@multicitetotal=\count352
\c@instcount=\count353
\c@maxnames=\count354
\c@minnames=\count355
\c@maxitems=\count356
\c@minitems=\count357
\c@citecounter=\count358
\c@maxcitecounter=\count359
\c@savedcitecounter=\count360
\c@uniquelist=\count361
\c@uniquename=\count362
\c@refsection=\count363
\c@refsegment=\count364
\c@maxextratitle=\count365
\c@maxextratitleyear=\count366
\c@maxextraname=\count367
\c@maxextradate=\count368
\c@maxextraalpha=\count369
\c@abbrvpenalty=\count370
\c@highnamepenalty=\count371
\c@lownamepenalty=\count372
\c@maxparens=\count373
\c@parenlevel=\count374
\blx@tempcnta=\count375
\blx@tempcntb=\count376
\blx@tempcntc=\count377
\c@blx@maxsection=\count378
\c@blx@maxsegment@0=\count379
\blx@notetype=\count380
\blx@parenlevel@text=\count381
\blx@parenlevel@foot=\count382
\c@blx@sectionciteorder@0=\count383
\blx@entrysetcounter=\count384
\blx@biblioinstance=\count385
\labelnumberwidth=\skip134
\labelalphawidth=\skip135
\biblabelsep=\skip136
\bibitemsep=\skip137
\bibnamesep=\skip138
\bibinitsep=\skip139
\bibparsep=\skip140
\bibhang=\skip141
\blx@bcfin=\read5
\blx@bcfout=\write4
\blx@langwohyphens=\language88
\c@mincomprange=\count386
\c@maxcomprange=\count387
\c@mincompwidth=\count388
Package biblatex Info: Trying to load biblatex default data model...
Package biblatex Info: ... file 'blx-dm.def' found.
 (/usr/share/texmf-dist/tex/latex/biblatex/blx-dm.def
File: blx-dm.def 2022/02/02 v3.17 biblatex localization (PK/MW)
)
Package biblatex Info: Trying to load biblatex style data model...
Package biblatex Info: ... file 'alphabetic.dbx' not found.
Package biblatex Info: Trying to load biblatex custom data model...
Package biblatex Info: ... file 'biblatex-dm.cfg' not found.
\c@afterword=\count389
\c@savedafterword=\count390
\c@annotator=\count391
\c@savedannotator=\count392
\c@author=\count393
\c@savedauthor=\count394
\c@bookauthor=\count395
\c@savedbookauthor=\count396
\c@commentator=\count397
\c@savedcommentator=\count398
\c@editor=\count399
\c@savededitor=\count400
\c@editora=\count401
\c@savededitora=\count402
\c@editorb=\count403
\c@savededitorb=\count404
\c@editorc=\count405
\c@savededitorc=\count406
\c@foreword=\count407
\c@savedforeword=\count408
\c@holder=\count409
\c@savedholder=\count410
\c@introduction=\count411
\c@savedintroduction=\count412
\c@namea=\count413
\c@savednamea=\count414
\c@nameb=\count415
\c@savednameb=\count416
\c@namec=\count417
\c@savednamec=\count418
\c@translator=\count419
\c@savedtranslator=\count420
\c@shortauthor=\count421
\c@savedshortauthor=\count422
\c@shorteditor=\count423
\c@savedshorteditor=\count424
\c@labelname=\count425
\c@savedlabelname=\count426
\c@institution=\count427
\c@savedinstitution=\count428
\c@lista=\count429
\c@savedlista=\count430
\c@listb=\count431
\c@savedlistb=\count432
\c@listc=\count433
\c@savedlistc=\count434
\c@listd=\count435
\c@savedlistd=\count436
\c@liste=\count437
\c@savedliste=\count438
\c@listf=\count439
\c@savedlistf=\count440
\c@location=\count441
\c@savedlocation=\count442
\c@organization=\count443
\c@savedorganization=\count444
\c@origlocation=\count445
\c@savedoriglocation=\count446
\c@origpublisher=\count447
\c@savedorigpublisher=\count448
\c@publisher=\count449
\c@savedpublisher=\count450
\c@language=\count451
\c@savedlanguage=\count452
\c@origlanguage=\count453
\c@savedoriglanguage=\count454
\c@pageref=\count455
\c@savedpageref=\count456
\shorthandwidth=\skip142
\shortjournalwidth=\skip143
\shortserieswidth=\skip144
\shorttitlewidth=\skip145
\shortauthorwidth=\skip146
\shorteditorwidth=\skip147
\locallabelnumberwidth=\skip148
\locallabelalphawidth=\skip149
\localshorthandwidth=\skip150
\localshortjournalwidth=\skip151
\localshortserieswidth=\skip152
\localshorttitlewidth=\skip153
\localshortauthorwidth=\skip154
\localshorteditorwidth=\skip155
Package biblatex Info: Trying to load compatibility code...
Package biblatex Info: ... file 'blx-compat.def' found.
 (/usr/share/texmf-dist/tex/latex/biblatex/blx-compat.def
File: blx-compat.def 2022/02/02 v3.17 biblatex compatibility (PK/MW)
)
Package biblatex Info: Trying to load generic definitions...
Package biblatex Info: ... file 'biblatex.def' found.
 (/usr/share/texmf-dist/tex/latex/biblatex/biblatex.def
File: biblatex.def 2022/02/02 v3.17 biblatex compatibility (PK/MW)
\c@textcitecount=\count457
\c@textcitetotal=\count458
\c@textcitemaxnames=\count459
\c@biburlbigbreakpenalty=\count460
\c@biburlbreakpenalty=\count461
\c@biburlnumpenalty=\count462
\c@biburlucpenalty=\count463
\c@biburllcpenalty=\count464
\biburlbigskip=\muskip18
\biburlnumskip=\muskip19
\biburlucskip=\muskip20
\biburllcskip=\muskip21
\c@smartand=\count465
)
Package biblatex Info: Trying to load bibliography style 'alphabetic'...
Package biblatex Info: ... file 'alphabetic.bbx' found.
 (/usr/share/texmf-dist/tex/latex/biblatex/bbx/alphabetic.bbx
File: alphabetic.bbx 2022/02/02 v3.17 biblatex bibliography style (PK/MW)
Package biblatex Info: Trying to load bibliography style 'standard'...
Package biblatex Info: ... file 'standard.bbx' found.
 (/usr/share/texmf-dist/tex/latex/biblatex/bbx/standard.bbx
File: standard.bbx 2022/02/02 v3.17 biblatex bibliography style (PK/MW)
\c@bbx:relatedcount=\count466
\c@bbx:relatedtotal=\count467
))
Package biblatex Info: Trying to load citation style 'alphabetic'...
Package biblatex Info: ... file 'alphabetic.cbx' found.
 (/usr/share/texmf-dist/tex/latex/biblatex/cbx/alphabetic.cbx
File: alphabetic.cbx 2022/02/02 v3.17 biblatex citation style (PK/MW)
Package biblatex Info: Redefining '\cite'.
Package biblatex Info: Redefining '\parencite'.
Package biblatex Info: Redefining '\footcite'.
Package biblatex Info: Redefining '\footcitetext'.
Package biblatex Info: Redefining '\smartcite'.
Package biblatex Info: Redefining '\textcite'.
Package biblatex Info: Redefining '\textcites'.
Package biblatex Info: Redefining '\cites'.
Package biblatex Info: Redefining '\parencites'.
Package biblatex Info: Redefining '\smartcites'.
)
Package biblatex Info: Trying to load configuration file...
Package biblatex Info: ... file 'biblatex.cfg' found.

(/usr/share/texmf-dist/tex/latex/biblatex/biblatex.cfg
File: biblatex.cfg 
)
Package biblatex Info: Input encoding 'utf8' detected.
Package biblatex Info: Document encoding is UTF8 ....
Package biblatex Info: ... and expl3
(biblatex)             2022-04-10 L3 programming layer (loader) 
(biblatex)             is new enough (at least 2020/04/06),
(biblatex)             setting 'casechanger=expl3'.
 (/usr/share/texmf-dist/tex/latex/biblatex/blx-case-expl3.sty
Package: blx-case-expl3 2022/02/02 v3.17 expl3 case changing code for biblatex
))
Package hyperref Info: Option `colorlinks' set `true' on input line 49.
\c@Def=\count468
)

Package biblatex Warning: 'babel/polyglossia' detected but 'csquotes' missing.
(biblatex)                Loading 'csquotes' recommended.

\@quotelevel=\count469
\@quotereset=\count470
LaTeX Font Info:    Trying to load font information for T1+lmr on input line 4.
(/usr/share/texmf-dist/tex/latex/lm/t1lmr.fd
File: t1lmr.fd 2015/05/01 v1.6.1 Font defs for Latin Modern
)

LaTeX Warning: Unused global option(s):
    [libertine].

(./tesis.aux
LaTeX Info: Redefining \. on input line 28.
LaTeX Info: Redefining \% on input line 28.


LaTeX Warning: Label `Mendoza-1.1.4' multiply defined.


LaTeX Warning: Label `eq: (TR2)-1' multiply defined.


LaTeX Warning: Label `eq: (TR2)-2' multiply defined.


LaTeX Warning: Label `Ssec: Objetos proyectivos e inyectivos' multiply defined.


LaTeX Warning: Label `Def: Categoría con imágenes' multiply defined.

)
\openout1 = `tesis.aux'.

LaTeX Font Info:    Checking defaults for OML/cmm/m/it on input line 4.
LaTeX Font Info:    ... okay on input line 4.
LaTeX Font Info:    Checking defaults for OMS/cmsy/m/n on input line 4.
LaTeX Font Info:    ... okay on input line 4.
LaTeX Font Info:    Checking defaults for OT1/cmr/m/n on input line 4.
LaTeX Font Info:    ... okay on input line 4.
LaTeX Font Info:    Checking defaults for T1/cmr/m/n on input line 4.
LaTeX Font Info:    ... okay on input line 4.
LaTeX Font Info:    Checking defaults for TS1/cmr/m/n on input line 4.
LaTeX Font Info:    ... okay on input line 4.
LaTeX Font Info:    Checking defaults for OMX/cmex/m/n on input line 4.
LaTeX Font Info:    ... okay on input line 4.
LaTeX Font Info:    Checking defaults for U/cmr/m/n on input line 4.
LaTeX Font Info:    ... okay on input line 4.
LaTeX Font Info:    Checking defaults for PD1/pdf/m/n on input line 4.
LaTeX Font Info:    ... okay on input line 4.
LaTeX Font Info:    Checking defaults for PU/pdf/m/n on input line 4.
LaTeX Font Info:    ... okay on input line 4.

*geometry* driver: auto-detecting
*geometry* detected driver: pdftex
*geometry* verbose mode - [ preamble ] result:
* driver: pdftex
* paper: <default>
* layout: <same size as paper>
* layoutoffset:(h,v)=(0.0pt,0.0pt)
* modes: twoside 
* h-part:(L,W,R)=(42.67912pt, 528.93675pt, 42.67912pt)
* v-part:(T,H,B)=(42.67912pt, 709.61174pt, 42.67912pt)
* \paperwidth=614.295pt
* \paperheight=794.96999pt
* \textwidth=528.93675pt
* \textheight=709.61174pt
* \oddsidemargin=-29.59087pt
* \evensidemargin=-29.59087pt
* \topmargin=-61.46466pt
* \headheight=12.0pt
* \headsep=19.8738pt
* \topskip=12.0pt
* \footskip=30.0pt
* \marginparwidth=98.0pt
* \marginparsep=7.0pt
* \columnsep=10.0pt
* \skip\footins=10.8pt plus 4.0pt minus 2.0pt
* \hoffset=0.0pt
* \voffset=0.0pt
* \mag=1000
* \@twocolumnfalse
* \@twosidetrue
* \@mparswitchtrue
* \@reversemarginfalse
* (1in=72.27pt=25.4mm, 1cm=28.453pt)

LaTeX Info: Redefining \. on input line 4.
LaTeX Info: Redefining \% on input line 4.
(/usr/share/texmf-dist/tex/context/base/mkii/supp-pdf.mkii
[Loading MPS to PDF converter (version 2006.09.02).]
\scratchcounter=\count471
\scratchdimen=\dimen328
\scratchbox=\box84
\nofMPsegments=\count472
\nofMParguments=\count473
\everyMPshowfont=\toks55
\MPscratchCnt=\count474
\MPscratchDim=\dimen329
\MPnumerator=\count475
\makeMPintoPDFobject=\count476
\everyMPtoPDFconversion=\toks56
) (/usr/share/texmf-dist/tex/latex/epstopdf-pkg/epstopdf-base.sty
Package: epstopdf-base 2020-01-24 v2.11 Base part for package epstopdf
Package epstopdf-base Info: Redefining graphics rule for `.eps' on input line 485.
 (/usr/share/texmf-dist/tex/latex/latexconfig/epstopdf-sys.cfg
File: epstopdf-sys.cfg 2010/07/13 v1.3 Configuration of (r)epstopdf for TeX Live
))
Package hyperref Info: Link coloring ON on input line 4.
 (/usr/share/texmf-dist/tex/latex/hyperref/nameref.sty
Package: nameref 2021-04-02 v2.47 Cross-referencing by name of section
 (/usr/share/texmf-dist/tex/latex/refcount/refcount.sty
Package: refcount 2019/12/15 v3.6 Data extraction from label references (HO)
) (/usr/share/texmf-dist/tex/generic/gettitlestring/gettitlestring.sty
Package: gettitlestring 2019/12/15 v1.6 Cleanup title references (HO)
)
\c@section@level=\count477
)
LaTeX Info: Redefining \ref on input line 4.
LaTeX Info: Redefining \pageref on input line 4.
LaTeX Info: Redefining \nameref on input line 4.
 (./tesis.out) (./tesis.out)
\@outlinefile=\write5
\openout5 = `tesis.out'.


Package pgfplots notification 'compat/show suggested version=true': you might benefit from \pgfplotsset{compat=1.18} (current compat level: 1.15).

Package caption Info: Begin \AtBeginDocument code.
Package caption Info: End \AtBeginDocument code.
Package biblatex Info: Trying to load language 'spanish'...
Package biblatex Info: ... file 'spanish.lbx' found.
(/usr/share/texmf-dist/tex/latex/biblatex/lbx/spanish.lbx
File: spanish.lbx 2022/02/02 v3.17 biblatex localization (PK/MW)
)
Package biblatex Info: Input encoding 'utf8' detected.
Package biblatex Info: Automatic encoding selection.
(biblatex)             Assuming data encoding 'utf8'.
\openout4 = `tesis.bcf'.

Package biblatex Info: Trying to load bibliographic data...
Package biblatex Info: ... file 'tesis.bbl' found.
 (./tesis.bbl)
Package biblatex Info: Reference section=0 on input line 4.
Package biblatex Info: Reference segment=0 on input line 4.
 (./portada.tex
<logo_UNAM.pdf, id=143, 822.27202pt x 924.25299pt>
File: logo_UNAM.pdf Graphic file (type pdf)
<use logo_UNAM.pdf>
Package pdftex.def Info: logo_UNAM.pdf  used on input line 12.
(pdftex.def)             Requested size: 82.23201pt x 92.43071pt.
<logo_IMATE.pdf, id=144, 319.1925pt x 191.21437pt>
File: logo_IMATE.pdf Graphic file (type pdf)
<use logo_IMATE.pdf>
Package pdftex.def Info: logo_IMATE.pdf  used on input line 25.
(pdftex.def)             Requested size: 127.67473pt x 76.48439pt.

Overfull \hbox (21.88899pt too wide) in paragraph at lines 25--26
 [] 
 []

LaTeX Font Info:    Trying to load font information for OT1+lmr on input line 26.
(/usr/share/texmf-dist/tex/latex/lm/ot1lmr.fd
File: ot1lmr.fd 2015/05/01 v1.6.1 Font defs for Latin Modern
)
LaTeX Font Info:    Trying to load font information for OML+lmm on input line 26.
 (/usr/share/texmf-dist/tex/latex/lm/omllmm.fd
File: omllmm.fd 2015/05/01 v1.6.1 Font defs for Latin Modern
)
LaTeX Font Info:    Trying to load font information for OMS+lmsy on input line 26.
 (/usr/share/texmf-dist/tex/latex/lm/omslmsy.fd
File: omslmsy.fd 2015/05/01 v1.6.1 Font defs for Latin Modern
)
LaTeX Font Info:    Trying to load font information for OMX+lmex on input line 26.
 (/usr/share/texmf-dist/tex/latex/lm/omxlmex.fd
File: omxlmex.fd 2015/05/01 v1.6.1 Font defs for Latin Modern
)
LaTeX Font Info:    External font `lmex10' loaded for size
(Font)              <12> on input line 26.
LaTeX Font Info:    External font `lmex10' loaded for size
(Font)              <8> on input line 26.
LaTeX Font Info:    External font `lmex10' loaded for size
(Font)              <6> on input line 26.
LaTeX Font Info:    Trying to load font information for U+msa on input line 26.
 (/usr/share/texmf-dist/tex/latex/amsfonts/umsa.fd
File: umsa.fd 2013/01/14 v3.01 AMS symbols A
)
LaTeX Font Info:    Trying to load font information for U+msb on input line 26.
 (/usr/share/texmf-dist/tex/latex/amsfonts/umsb.fd
File: umsb.fd 2013/01/14 v3.01 AMS symbols B
)
LaTeX Font Info:    Trying to load font information for U+rsfs on input line 26.
 (/usr/share/texmf-dist/tex/latex/jknapltx/ursfs.fd
File: ursfs.fd 1998/03/24 rsfs font definition file (jk)
)) (./aviso.tex [1


{/var/lib/texmf/fonts/map/pdftex/updmap/pdftex.map} <./logo_UNAM.pdf> <./logo_IMATE.pdf

pdfTeX warning: pdflatex (file ./logo_IMATE.pdf): PDF inclusion: multiple pdfs with page group included in a single page
>] [2

]
Underfull \hbox (badness 10000) in paragraph at lines 6--7

 []

) (./agradecimientos.tex [3] [4

]
Underfull \hbox (badness 10000) in paragraph at lines 7--8

 []


Underfull \hbox (badness 10000) in paragraph at lines 9--10

 []


Underfull \hbox (badness 10000) in paragraph at lines 11--12

 []

) [5] [6

] (./tesis.toc
LaTeX Info: Redefining \sptext on input line 1.
LaTeX Info: Redefining \. on input line 1.
LaTeX Info: Redefining \% on input line 1.
)
\tf@toc=\write6
\openout6 = `tesis.toc'.

 (./intro.tex [7]
LaTeX Info: Redefining \. on input line 4.
LaTeX Info: Redefining \% on input line 4.
 [8

]
LaTeX Font Info:    External font `lmex10' loaded for size
(Font)              <10> on input line 8.
LaTeX Font Info:    External font `lmex10' loaded for size
(Font)              <7> on input line 8.
LaTeX Font Info:    External font `lmex10' loaded for size
(Font)              <5> on input line 8.

Underfull \hbox (badness 10000) in paragraph at lines 8--9

 []


Underfull \hbox (badness 10000) in paragraph at lines 10--11

 []


Underfull \hbox (badness 10000) in paragraph at lines 12--13

 []

[9]
Underfull \hbox (badness 10000) in paragraph at lines 14--15

 []


Underfull \hbox (badness 10000) in paragraph at lines 16--17

 []


Underfull \hbox (badness 10000) in paragraph at lines 18--19

 []


Underfull \hbox (badness 10000) in paragraph at lines 20--21

 []


Underfull \hbox (badness 10000) in paragraph at lines 22--23

 []

LaTeX Info: Redefining \. on input line 23.
LaTeX Info: Redefining \% on input line 23.
[10]
Underfull \hbox (badness 10000) in paragraph at lines 24--25

 []


Underfull \hbox (badness 10000) in paragraph at lines 26--27

 []

) (./0.tex [11]
LaTeX Info: Redefining \. on input line 4.
LaTeX Info: Redefining \% on input line 4.
 [12

]
Cap\'{\i }tulo 0.
[13]
LaTeX Info: Redefining \. on input line 114.
LaTeX Info: Redefining \% on input line 114.
 [14]
LaTeX Info: Redefining \. on input line 178.
LaTeX Info: Redefining \% on input line 178.
 [15]
LaTeX Info: Redefining \. on input line 217.
LaTeX Info: Redefining \% on input line 217.
 [16]
LaTeX Info: Redefining \. on input line 266.
LaTeX Info: Redefining \% on input line 266.
 [17]
LaTeX Info: Redefining \. on input line 314.
LaTeX Info: Redefining \% on input line 314.
 [18]
LaTeX Info: Redefining \. on input line 365.
LaTeX Info: Redefining \% on input line 365.
 [19]
LaTeX Info: Redefining \. on input line 439.
LaTeX Info: Redefining \% on input line 439.
 [20]
LaTeX Info: Redefining \. on input line 569.
LaTeX Info: Redefining \% on input line 569.
 [21]
LaTeX Info: Redefining \. on input line 622.
LaTeX Info: Redefining \% on input line 622.
 [22]
LaTeX Info: Redefining \. on input line 695.
LaTeX Info: Redefining \% on input line 695.
 [23]
LaTeX Info: Redefining \. on input line 787.
LaTeX Info: Redefining \% on input line 787.
 [24]
LaTeX Font Info:    Trying to load font information for U+euf on input line 809.
 (/usr/share/texmf-dist/tex/latex/amsfonts/ueuf.fd
File: ueuf.fd 2013/01/14 v3.01 Euler Fraktur
)
Underfull \hbox (badness 10000) in paragraph at lines 846--847

 []

LaTeX Info: Redefining \. on input line 850.
LaTeX Info: Redefining \% on input line 850.
[25]
LaTeX Info: Redefining \. on input line 904.
LaTeX Info: Redefining \% on input line 904.
 [26]
LaTeX Info: Redefining \. on input line 970.
LaTeX Info: Redefining \% on input line 970.
 [27]
Underfull \hbox (badness 10000) in paragraph at lines 985--986

 []

LaTeX Info: Redefining \. on input line 1011.
LaTeX Info: Redefining \% on input line 1011.
[28]
LaTeX Info: Redefining \. on input line 1064.
LaTeX Info: Redefining \% on input line 1064.
 [29]
LaTeX Info: Redefining \. on input line 1125.
LaTeX Info: Redefining \% on input line 1125.
 [30]
LaTeX Info: Redefining \. on input line 1210.
LaTeX Info: Redefining \% on input line 1210.
 [31]
LaTeX Info: Redefining \. on input line 1272.
LaTeX Info: Redefining \% on input line 1272.
 [32]
LaTeX Info: Redefining \. on input line 1327.
LaTeX Info: Redefining \% on input line 1327.
 [33]
LaTeX Info: Redefining \. on input line 1375.
LaTeX Info: Redefining \% on input line 1375.
 [34]
LaTeX Info: Redefining \. on input line 1416.
LaTeX Info: Redefining \% on input line 1416.
 [35]
LaTeX Info: Redefining \. on input line 1467.
LaTeX Info: Redefining \% on input line 1467.
 [36]
LaTeX Info: Redefining \. on input line 1525.
LaTeX Info: Redefining \% on input line 1525.
 [37]
LaTeX Info: Redefining \. on input line 1584.
LaTeX Info: Redefining \% on input line 1584.
 [38]
LaTeX Info: Redefining \. on input line 1639.
LaTeX Info: Redefining \% on input line 1639.
 [39]
LaTeX Info: Redefining \. on input line 1690.
LaTeX Info: Redefining \% on input line 1690.
 [40]
Underfull \hbox (badness 10000) in paragraph at lines 1718--1720

 []

LaTeX Info: Redefining \. on input line 1740.
LaTeX Info: Redefining \% on input line 1740.
[41]
LaTeX Info: Redefining \. on input line 1791.
LaTeX Info: Redefining \% on input line 1791.
 [42]
Overfull \hbox (1.19244pt too wide) detected at line 1811
\OML/lmm/m/it/12 P[]^^Y[]\U/rsfs/m/n/12 C[]\OMS/lmsy/m/n/12 f\OML/lmm/m/it/12 A[]\OMS/lmsy/m/n/12 g[]  ([])  \OML/lmm/m/it/12 P[]^^Y[][]\U/rsfs/m/n/12 C[][]\OMS/lmsy/m/n/12 f\OML/lmm/m/it/12 A[]\OMS/lmsy/m/n/12 g[]\OML/lmm/m/it/12 ;
 []


Underfull \hbox (badness 10000) in paragraph at lines 1829--1830

 []

LaTeX Info: Redefining \. on input line 1841.
LaTeX Info: Redefining \% on input line 1841.
[43]
Underfull \hbox (badness 10000) in paragraph at lines 1841--1843

 []


Underfull \hbox (badness 10000) in paragraph at lines 1867--1868

 []


Underfull \hbox (badness 10000) in paragraph at lines 1874--1876

 []

LaTeX Info: Redefining \. on input line 1882.
LaTeX Info: Redefining \% on input line 1882.
[44]
Underfull \hbox (badness 10000) in paragraph at lines 1913--1915

 []

LaTeX Info: Redefining \. on input line 1937.
LaTeX Info: Redefining \% on input line 1937.
[45]
LaTeX Info: Redefining \. on input line 2225.
LaTeX Info: Redefining \% on input line 2225.
 [46]
Underfull \hbox (badness 10000) in paragraph at lines 2259--2260

 []

LaTeX Info: Redefining \. on input line 2268.
LaTeX Info: Redefining \% on input line 2268.
[47]
Underfull \hbox (badness 10000) in paragraph at lines 2268--2270

 []


Overfull \hbox (9.86412pt too wide) in paragraph at lines 2271--2272
[]\T1/lmr/m/n/12 Sea $\OML/lmm/m/it/12 h \OMS/lmsy/m/n/12 2 [][]\OT1/lmr/m/n/12 (\OML/lmm/m/it/12 F\OT1/lmr/m/n/12 (\OML/lmm/m/it/12 X\OT1/lmr/m/n/12 )\OML/lmm/m/it/12 ; F\OT1/lmr/m/n/12 (\OML/lmm/m/it/12 Y\OT1/lmr/m/n/12 ))$\T1/lmr/m/n/12 . En-ton-ces $\OML/lmm/m/it/12 G\OT1/lmr/m/n/12 (\OML/lmm/m/it/12 h\OT1/lmr/m/n/12 ) \OMS/lmsy/m/n/12 2 [][]\OT1/lmr/m/n/12 (\OML/lmm/m/it/12 GF\OT1/lmr/m/n/12 (\OML/lmm/m/it/12 X\OT1/lmr/m/n/12 )\OML/lmm/m/it/12 ; GF\OT1/lmr/m/n/12 (\OML/lmm/m/it/12 Y\OT1/lmr/m/n/12 ))$\T1/lmr/m/n/12 , por lo que $\OML/lmm/m/it/12 ^^M \OT1/lmr/m/n/12 := \OML/lmm/m/it/12 ^^Q[]\OT1/lmr/m/n/12 (\OML/lmm/m/it/12 G\OT1/lmr/m/n/12 (\OML/lmm/m/it/12 h\OT1/lmr/m/n/12 ))\OML/lmm/m/it/12 ^^Q[] \OMS/lmsy/m/n/12 2
 []


Underfull \hbox (badness 10000) in paragraph at lines 2278--2280

 []


Underfull \hbox (badness 10000) in paragraph at lines 2281--2282

 []


Underfull \hbox (badness 10000) in paragraph at lines 2283--2284

 []


Underfull \hbox (badness 10000) in paragraph at lines 2285--2286

 []


Underfull \hbox (badness 10000) in paragraph at lines 2292--2294

 []

LaTeX Info: Redefining \. on input line 2299.
LaTeX Info: Redefining \% on input line 2299.
[48]
Underfull \hbox (badness 10000) in paragraph at lines 2301--2302

 []


Underfull \hbox (badness 10000) in paragraph at lines 2697--2698

 []

LaTeX Info: Redefining \. on input line 2698.
LaTeX Info: Redefining \% on input line 2698.
[49]
Underfull \hbox (badness 10000) in paragraph at lines 2727--2728

 []


Overfull \hbox (9.26619pt too wide) in paragraph at lines 2745--2747
\T1/lmr/m/n/12 Anlogamente, si $\OML/lmm/m/it/12 ^^V \OT1/lmr/m/n/12 : [](\OMS/lmsy/m/n/12 ^^@\OML/lmm/m/it/12 ; A\OT1/lmr/m/n/12 ) \OMS/lmsy/m/n/12 ! \OML/lmm/m/it/12 F$ \T1/lmr/m/n/12 es otra trans-for-ma-cin na-tu-ral, te-ne-mos que $\OML/lmm/m/it/12 ^^V[]f[] \OT1/lmr/m/n/12 = \OML/lmm/m/it/12 F\OT1/lmr/m/n/12 (\OML/lmm/m/it/12 f[]\OT1/lmr/m/n/12 )\OML/lmm/m/it/12 ^^V[]\OT1/lmr/m/n/12 (1[])$\T1/lmr/m/n/12 .
 []

LaTeX Info: Redefining \. on input line 2754.
LaTeX Info: Redefining \% on input line 2754.
[50]
Underfull \hbox (badness 10000) in paragraph at lines 2754--2756

 []


Underfull \hbox (badness 10000) in paragraph at lines 2783--2785

 []


Underfull \hbox (badness 10000) in paragraph at lines 2786--2787

 []

LaTeX Info: Redefining \. on input line 2800.
LaTeX Info: Redefining \% on input line 2800.
[51]) (./1.tex
LaTeX Info: Redefining \. on input line 4.
LaTeX Info: Redefining \% on input line 4.
 [52]
Cap\'{\i }tulo 1.

Overfull \hbox (17.64436pt too wide) in paragraph at lines 43--44
[]\T1/lmr/m/n/12 En efec-to: Pues-to que $\OT1/lmr/m/n/12 0 \OMS/lmsy/m/n/12 2 []\OT1/lmr/m/n/12 (\U/rsfs/m/n/12 C\OT1/lmr/m/n/12 )$ \T1/lmr/m/n/12 es un ob-je-to ce-ro en $\U/rsfs/m/n/12 C$\T1/lmr/m/n/12 , te-ne-mos que $\OMS/lmsy/m/n/12 j[][]\OT1/lmr/m/n/12 (\OML/lmm/m/it/12 A; \OT1/lmr/m/n/12 0)\OMS/lmsy/m/n/12 j \OT1/lmr/m/n/12 = \OMS/lmsy/m/n/12 j[][]\OT1/lmr/m/n/12 (0\OML/lmm/m/it/12 ; A\OT1/lmr/m/n/12 )\OMS/lmsy/m/n/12 j \OT1/lmr/m/n/12 =
 []

[53

]
Underfull \hbox (badness 10000) in paragraph at lines 75--76

 []

LaTeX Info: Redefining \. on input line 91.
LaTeX Info: Redefining \% on input line 91.
[54]
LaTeX Info: Redefining \. on input line 145.
LaTeX Info: Redefining \% on input line 145.
 [55]
LaTeX Info: Redefining \. on input line 208.
LaTeX Info: Redefining \% on input line 208.
 [56]
Underfull \hbox (badness 10000) in paragraph at lines 232--233

 []


Underfull \hbox (badness 10000) in paragraph at lines 234--235

 []

LaTeX Info: Redefining \. on input line 263.
LaTeX Info: Redefining \% on input line 263.
[57]
LaTeX Info: Redefining \. on input line 405.
LaTeX Info: Redefining \% on input line 405.
 [58]
Underfull \hbox (badness 10000) in paragraph at lines 440--441

 []


Underfull \hbox (badness 10000) in paragraph at lines 456--458

 []

LaTeX Info: Redefining \. on input line 465.
LaTeX Info: Redefining \% on input line 465.
[59]
Underfull \hbox (badness 10000) in paragraph at lines 465--467

 []


Underfull \hbox (badness 10000) in paragraph at lines 475--477

 []

LaTeX Info: Redefining \. on input line 516.
LaTeX Info: Redefining \% on input line 516.
[60]
LaTeX Info: Redefining \. on input line 576.
LaTeX Info: Redefining \% on input line 576.
 [61]
LaTeX Info: Redefining \. on input line 621.
LaTeX Info: Redefining \% on input line 621.
 [62]
Underfull \hbox (badness 10000) in paragraph at lines 666--667

 []

LaTeX Info: Redefining \. on input line 674.
LaTeX Info: Redefining \% on input line 674.
[63]
LaTeX Info: Redefining \. on input line 717.
LaTeX Info: Redefining \% on input line 717.
 [64]
LaTeX Info: Redefining \. on input line 759.
LaTeX Info: Redefining \% on input line 759.
 [65]
Underfull \hbox (badness 10000) in paragraph at lines 766--767

 []


Underfull \hbox (badness 10000) in paragraph at lines 797--798

 []

LaTeX Info: Redefining \. on input line 800.
LaTeX Info: Redefining \% on input line 800.
[66]
LaTeX Info: Redefining \. on input line 873.
LaTeX Info: Redefining \% on input line 873.
 [67]
Overfull \hbox (1.573pt too wide) in paragraph at lines 898--899
[]\T1/lmr/m/n/12 para cua-les-quie-ra $\OML/lmm/m/it/12 A; B \OMS/lmsy/m/n/12 2 []\OT1/lmr/m/n/12 (\U/rsfs/m/n/12 C\OT1/lmr/m/n/12 )\OML/lmm/m/it/12 ; [][]\OT1/lmr/m/n/12 (\OML/lmm/m/it/12 A; B\OT1/lmr/m/n/12 )$ \T1/lmr/m/n/12 tie-ne es-truc-tu-ra de mo-noi-de abe-liano $[][][]\OT1/lmr/m/n/12 (\OML/lmm/m/it/12 A; B\OT1/lmr/m/n/12 )\OML/lmm/m/it/12 ;
 []


Underfull \hbox (badness 10000) in paragraph at lines 913--914

 []

LaTeX Info: Redefining \. on input line 930.
LaTeX Info: Redefining \% on input line 930.
[68]
Underfull \hbox (badness 10000) in paragraph at lines 935--937

 []

LaTeX Info: Redefining \. on input line 961.
LaTeX Info: Redefining \% on input line 961.
[69]
Underfull \hbox (badness 10000) in paragraph at lines 972--974

 []

LaTeX Info: Redefining \. on input line 998.
LaTeX Info: Redefining \% on input line 998.
[70]
Underfull \hbox (badness 10000) in paragraph at lines 1035--1036

 []


Underfull \hbox (badness 10000) in paragraph at lines 1043--1045

 []

LaTeX Info: Redefining \. on input line 1063.
LaTeX Info: Redefining \% on input line 1063.
[71]
Overfull \hbox (7.85027pt too wide) in paragraph at lines 1070--1071
[]\T1/lmr/m/n/12 Sean $\OML/lmm/m/it/12 i \OMS/lmsy/m/n/12 2 \OT1/lmr/m/n/12 [1\OML/lmm/m/it/12 ; n\OT1/lmr/m/n/12 ]$ \T1/lmr/m/n/12 y $\OML/lmm/m/it/12 j \OMS/lmsy/m/n/12 2 \OT1/lmr/m/n/12 [1\OML/lmm/m/it/12 ; m\OT1/lmr/m/n/12 ]$\T1/lmr/m/n/12 . Por ser $\U/rsfs/m/n/12 C$ \T1/lmr/m/n/12 una ca-te-go-ra se-mi-adi-ti-va, te-ne-mos que $[][]\OT1/lmr/m/n/12 (\OML/lmm/m/it/12 A[]; A[]\OT1/lmr/m/n/12 )$
 []


Underfull \hbox (badness 10000) in paragraph at lines 1076--1078

 []


Underfull \hbox (badness 10000) in paragraph at lines 1080--1082

 []


Underfull \hbox (badness 10000) in paragraph at lines 1083--1084

 []


Underfull \vbox (badness 1888) has occurred while \output is active []

LaTeX Info: Redefining \. on input line 1107.
LaTeX Info: Redefining \% on input line 1107.
 [72]
LaTeX Font Info:    Trying to load font information for U+bbm on input line 1139.
 (/usr/share/texmf-dist/tex/latex/bbm-macros/ubbm.fd
File: ubbm.fd 1999/03/15 V 1.2 Font definition for bbm font - TH
)
LaTeX Info: Redefining \. on input line 1154.
LaTeX Info: Redefining \% on input line 1154.
 [73]
LaTeX Info: Redefining \. on input line 1222.
LaTeX Info: Redefining \% on input line 1222.
 [74]
LaTeX Info: Redefining \. on input line 1277.
LaTeX Info: Redefining \% on input line 1277.
 [75]
LaTeX Info: Redefining \. on input line 1327.
LaTeX Info: Redefining \% on input line 1327.
 [76]
Overfull \hbox (13.19356pt too wide) in paragraph at lines 1352--1354
\T1/lmr/m/n/12 por lo que la su-ma en $[][]\OT1/lmr/m/n/12 (\OML/lmm/m/it/12 A; B\OT1/lmr/m/n/12 )$ \T1/lmr/m/n/12 es aso-cia-ti-va y con-mu-ta-ti-va, de don-de se si-gue que $\OT1/lmr/m/n/12 ([][](\OML/lmm/m/it/12 A; B\OT1/lmr/m/n/12 )\OML/lmm/m/it/12 ; \OT1/lmr/m/n/12 +\OML/lmm/m/it/12 ; \OT1/lmr/m/n/12 0[])$
 []

LaTeX Font Info:    External font `lmex10' loaded for size
(Font)              <17.28> on input line 1373.

Package hyperref Warning: Token not allowed in a PDF string (Unicode):
(hyperref)                removing `math shift' on input line 1373.


Package hyperref Warning: Token not allowed in a PDF string (Unicode):
(hyperref)                removing `math shift' on input line 1373.

LaTeX Info: Redefining \. on input line 1387.
LaTeX Info: Redefining \% on input line 1387.
[77]
LaTeX Info: Redefining \. on input line 1430.
LaTeX Info: Redefining \% on input line 1430.
 [78]
LaTeX Info: Redefining \. on input line 1497.
LaTeX Info: Redefining \% on input line 1497.
 [79]
LaTeX Info: Redefining \. on input line 1542.
LaTeX Info: Redefining \% on input line 1542.
 [80]
Underfull \hbox (badness 10000) in paragraph at lines 1548--1549

 []


Underfull \hbox (badness 10000) in paragraph at lines 1553--1555

 []

LaTeX Info: Redefining \. on input line 1606.
LaTeX Info: Redefining \% on input line 1606.
[81]
LaTeX Info: Redefining \. on input line 1682.
LaTeX Info: Redefining \% on input line 1682.
 [82]
Underfull \hbox (badness 10000) in paragraph at lines 1725--1726

 []

LaTeX Info: Redefining \. on input line 1727.
LaTeX Info: Redefining \% on input line 1727.
[83]
Underfull \hbox (badness 10000) in paragraph at lines 1727--1728

 []


Underfull \hbox (badness 10000) in paragraph at lines 1732--1734

 []

LaTeX Info: Redefining \. on input line 1767.
LaTeX Info: Redefining \% on input line 1767.
[84]
LaTeX Info: Redefining \. on input line 1815.
LaTeX Info: Redefining \% on input line 1815.
 [85]
LaTeX Info: Redefining \. on input line 1867.
LaTeX Info: Redefining \% on input line 1867.
 [86]
LaTeX Info: Redefining \. on input line 1927.
LaTeX Info: Redefining \% on input line 1927.
 [87]
Overfull \hbox (2.87196pt too wide) in paragraph at lines 1943--1945
\T1/lmr/m/n/12 Llamaremos $\U/msb/m/n/12 E$\T1/lmr/m/it/12 -matrices \T1/lmr/m/n/12 a los ele-men-tos de $[][]\OT1/lmr/m/n/12 (\OML/lmm/m/it/12 C; A\OT1/lmr/m/n/12 )$\T1/lmr/m/n/12 . No-ta-mos que[][][][][] $[][]\OT1/lmr/m/n/12 (\OML/lmm/m/it/12 C; A\OT1/lmr/m/n/12 ) = [][](\OML/lmm/m/it/12 C; A\OT1/lmr/m/n/12 )$\T1/lmr/m/n/12 ,
 []


Underfull \hbox (badness 10000) in paragraph at lines 1961--1962

 []

LaTeX Info: Redefining \. on input line 1978.
LaTeX Info: Redefining \% on input line 1978.
[88]
Underfull \hbox (badness 10000) in paragraph at lines 1978--1980

 []

LaTeX Info: Redefining \. on input line 2005.
LaTeX Info: Redefining \% on input line 2005.
[89]
Overfull \hbox (8.67632pt too wide) in paragraph at lines 2009--2010
[]\T1/lmr/m/n/12 Si $\OML/lmm/m/it/12 A[] \OT1/lmr/m/n/12 = [][] \OML/lmm/m/it/12 A[]$\T1/lmr/m/n/12 , con $\OML/lmm/m/it/12 p$ \T1/lmr/m/n/12 un en-te-ro po-si-ti-vo, y $\OML/lmm/m/it/12 a \OMS/lmsy/m/n/12 2 [][]\OT1/lmr/m/n/12 (\OML/lmm/m/it/12 A; A[]\OT1/lmr/m/n/12 )$\T1/lmr/m/n/12 , de-fi-ni-mos el pro-duc-to $\OML/lmm/m/it/12 '[]\OT1/lmr/m/n/12 (\OML/lmm/m/it/12 a\OT1/lmr/m/n/12 )^^H[](\OML/lmm/m/it/12 ^^N\OT1/lmr/m/n/12 )$
 []


Overfull \hbox (3.73781pt too wide) in paragraph at lines 2014--2015
[]\T1/lmr/m/n/12 Si $\OML/lmm/m/it/12 C[] \OT1/lmr/m/n/12 = [][] \OML/lmm/m/it/12 C[]$\T1/lmr/m/n/12 , con $\OML/lmm/m/it/12 q$ \T1/lmr/m/n/12 un en-te-ro po-si-ti-vo, y $\OML/lmm/m/it/12 c \OMS/lmsy/m/n/12 2 [][]\OT1/lmr/m/n/12 (\OML/lmm/m/it/12 C[]; C\OT1/lmr/m/n/12 )$\T1/lmr/m/n/12 , de-fi-ni-mos el pro-duc-to $\OT1/lmr/m/n/12 ^^H[](\OML/lmm/m/it/12 ^^N\OT1/lmr/m/n/12 )\OML/lmm/m/it/12 '[]\OT1/lmr/m/n/12 (\OML/lmm/m/it/12 c\OT1/lmr/m/n/12 )$
 []

) (./2.tex
LaTeX Info: Redefining \. on input line 4.
LaTeX Info: Redefining \% on input line 4.
 [90]
Cap\'{\i }tulo 2.
[91

]
LaTeX Info: Redefining \. on input line 103.
LaTeX Info: Redefining \% on input line 103.
 [92]
LaTeX Info: Redefining \. on input line 142.
LaTeX Info: Redefining \% on input line 142.
 [93]
LaTeX Info: Redefining \. on input line 199.
LaTeX Info: Redefining \% on input line 199.
 [94]
LaTeX Info: Redefining \. on input line 367.
LaTeX Info: Redefining \% on input line 367.
 [95]
Underfull \hbox (badness 10000) in paragraph at lines 390--391

 []

LaTeX Info: Redefining \. on input line 423.
LaTeX Info: Redefining \% on input line 423.
[96]
LaTeX Info: Redefining \. on input line 455.
LaTeX Info: Redefining \% on input line 455.
 [97]
Underfull \hbox (badness 10000) in paragraph at lines 461--463

 []

LaTeX Info: Redefining \. on input line 505.
LaTeX Info: Redefining \% on input line 505.
[98]
LaTeX Info: Redefining \. on input line 562.
LaTeX Info: Redefining \% on input line 562.
 [99]
LaTeX Info: Redefining \. on input line 613.
LaTeX Info: Redefining \% on input line 613.
 [100]
Underfull \hbox (badness 10000) in paragraph at lines 625--627

 []


Underfull \hbox (badness 10000) in paragraph at lines 628--629

 []


Underfull \hbox (badness 10000) in paragraph at lines 630--631

 []

LaTeX Info: Redefining \. on input line 692.
LaTeX Info: Redefining \% on input line 692.
[101]
LaTeX Info: Redefining \. on input line 740.
LaTeX Info: Redefining \% on input line 740.
 [102]
LaTeX Info: Redefining \. on input line 779.
LaTeX Info: Redefining \% on input line 779.
 [103]

Package hyperref Warning: Token not allowed in a PDF string (Unicode):
(hyperref)                removing `math shift' on input line 841.


Package hyperref Warning: Token not allowed in a PDF string (Unicode):
(hyperref)                removing `superscript' on input line 841.


Package hyperref Warning: Token not allowed in a PDF string (Unicode):
(hyperref)                removing `math shift' on input line 841.

LaTeX Info: Redefining \. on input line 861.
LaTeX Info: Redefining \% on input line 861.
[104]
LaTeX Info: Redefining \. on input line 933.
LaTeX Info: Redefining \% on input line 933.
 [105]) (./3.tex
LaTeX Info: Redefining \. on input line 4.
LaTeX Info: Redefining \% on input line 4.
 [106]
Cap\'{\i }tulo 3.

Overfull \hbox (4.54057pt too wide) in paragraph at lines 35--36
[]\T1/lmr/m/n/12 En efec-to: Sea $\U/rsfs/m/n/12 T \OT1/lmr/m/n/12 := \U/rsfs/m/n/12 T\OT1/lmr/m/n/12 (\U/rsfs/m/n/12 A\OML/lmm/m/it/12 ; T\OT1/lmr/m/n/12 )$\T1/lmr/m/n/12 , y sean $\OML/lmm/m/it/12  \OT1/lmr/m/n/12 = (\OML/lmm/m/it/12 A; A[]; A[]; a; a[]; a[]\OT1/lmr/m/n/12 )\OML/lmm/m/it/12 ; ^^L \OT1/lmr/m/n/12 = (\OML/lmm/m/it/12 B; B[]; B[]; b; b[]; b[]\OT1/lmr/m/n/12 )\OML/lmm/m/it/12 ; ^^M \OT1/lmr/m/n/12 = (\OML/lmm/m/it/12 C; C[]; C[];
 []

[107

]
LaTeX Info: Redefining \. on input line 80.
LaTeX Info: Redefining \% on input line 80.
 [108]
Underfull \hbox (badness 10000) in paragraph at lines 106--108

 []

LaTeX Info: Redefining \. on input line 129.
LaTeX Info: Redefining \% on input line 129.
[109]
LaTeX Info: Redefining \. on input line 176.
LaTeX Info: Redefining \% on input line 176.
 [110]
LaTeX Info: Redefining \. on input line 236.
LaTeX Info: Redefining \% on input line 236.
 [111]
LaTeX Info: Redefining \. on input line 261.
LaTeX Info: Redefining \% on input line 261.
 [112]
LaTeX Info: Redefining \. on input line 312.
LaTeX Info: Redefining \% on input line 312.
 [113]
LaTeX Info: Redefining \. on input line 367.
LaTeX Info: Redefining \% on input line 367.
 [114]
LaTeX Info: Redefining \. on input line 408.
LaTeX Info: Redefining \% on input line 408.
 [115]
Underfull \hbox (badness 10000) in paragraph at lines 448--449

 []

LaTeX Info: Redefining \. on input line 450.
LaTeX Info: Redefining \% on input line 450.
[116]
LaTeX Info: Redefining \. on input line 494.
LaTeX Info: Redefining \% on input line 494.
 [117]
LaTeX Info: Redefining \. on input line 546.
LaTeX Info: Redefining \% on input line 546.
 [118]
Underfull \hbox (badness 10000) in paragraph at lines 581--582

 []


Underfull \hbox (badness 10000) in paragraph at lines 583--584

 []

LaTeX Info: Redefining \. on input line 599.
LaTeX Info: Redefining \% on input line 599.
[119]
Underfull \hbox (badness 10000) in paragraph at lines 625--626

 []


Underfull \hbox (badness 10000) in paragraph at lines 627--628

 []


Underfull \hbox (badness 10000) in paragraph at lines 629--630

 []

LaTeX Info: Redefining \. on input line 632.
LaTeX Info: Redefining \% on input line 632.
[120]
Underfull \hbox (badness 10000) in paragraph at lines 654--655

 []


Underfull \hbox (badness 10000) in paragraph at lines 656--657

 []


Underfull \hbox (badness 10000) in paragraph at lines 658--659

 []

LaTeX Info: Redefining \. on input line 666.
LaTeX Info: Redefining \% on input line 666.
[121]
Underfull \hbox (badness 10000) in paragraph at lines 674--676

 []

LaTeX Info: Redefining \. on input line 708.
LaTeX Info: Redefining \% on input line 708.
[122]
LaTeX Info: Redefining \. on input line 735.
LaTeX Info: Redefining \% on input line 735.
 [123]
LaTeX Info: Redefining \. on input line 807.
LaTeX Info: Redefining \% on input line 807.
 [124]
Underfull \hbox (badness 10000) in paragraph at lines 827--828

 []

LaTeX Info: Redefining \. on input line 858.
LaTeX Info: Redefining \% on input line 858.
[125]
Overfull \hbox (8.1406pt too wide) in paragraph at lines 883--884
 [] 
 []

LaTeX Info: Redefining \. on input line 900.
LaTeX Info: Redefining \% on input line 900.
[126]
Overfull \hbox (4.8919pt too wide) in paragraph at lines 908--909
[][]\T1/lmr/bx/n/12 Definicin 3.2.16 []\T1/lmr/m/n/12 Sea $\OT1/lmr/m/n/12 (\U/rsfs/m/n/12 A\OML/lmm/m/it/12 ; T; \OT1/lmr/m/n/12 ^^A)$ \T1/lmr/m/n/12 una ca-te-go-ra pre-trian-gu-la-da. Un trin-gu-lo dis-tin-gui-do $\OT1/lmr/m/n/12 (\OML/lmm/m/it/12 X; Y; Z; u; v; w\OT1/lmr/m/n/12 )$
 []


Underfull \hbox (badness 10000) in paragraph at lines 943--944

 []


Underfull \hbox (badness 10000) in paragraph at lines 959--960

 []

LaTeX Info: Redefining \. on input line 960.
LaTeX Info: Redefining \% on input line 960.
[127]
Underfull \hbox (badness 10000) in paragraph at lines 982--983

 []

LaTeX Info: Redefining \. on input line 999.
LaTeX Info: Redefining \% on input line 999.
[128]
Underfull \hbox (badness 10000) in paragraph at lines 1005--1006

 []


Underfull \hbox (badness 10000) in paragraph at lines 1007--1008

 []

LaTeX Info: Redefining \. on input line 1057.
LaTeX Info: Redefining \% on input line 1057.
[129]
LaTeX Info: Redefining \. on input line 1107.
LaTeX Info: Redefining \% on input line 1107.
 [130]
Underfull \hbox (badness 10000) in paragraph at lines 1126--1127

 []


Underfull \hbox (badness 10000) in paragraph at lines 1128--1129

 []


Underfull \hbox (badness 10000) in paragraph at lines 1130--1131

 []


Underfull \hbox (badness 10000) in paragraph at lines 1132--1133

 []


Underfull \hbox (badness 10000) in paragraph at lines 1137--1139

 []

LaTeX Info: Redefining \. on input line 1166.
LaTeX Info: Redefining \% on input line 1166.
[131]

Package hyperref Warning: Token not allowed in a PDF string (Unicode):
(hyperref)                removing `math shift' on input line 1183.


Package hyperref Warning: Token not allowed in a PDF string (Unicode):
(hyperref)                removing `superscript' on input line 1183.


Package hyperref Warning: Token not allowed in a PDF string (Unicode):
(hyperref)                removing `math shift' on input line 1183.

) (./4.tex
LaTeX Info: Redefining \. on input line 4.
LaTeX Info: Redefining \% on input line 4.
 [132]
Cap\'{\i }tulo 4.
[133

]
LaTeX Font Info:    External font `lmex10' loaded for size
(Font)              <14.4> on input line 77.
LaTeX Info: Redefining \. on input line 92.
LaTeX Info: Redefining \% on input line 92.
 [134]
LaTeX Info: Redefining \. on input line 140.
LaTeX Info: Redefining \% on input line 140.
 [135]
Overfull \hbox (6.18758pt too wide) in paragraph at lines 169--170
[]\T1/lmr/m/n/12 Para cua-les-quie-ra $\U/msb/m/n/12 E$\T1/lmr/m/n/12 -extensiones $\OML/lmm/m/it/12 ^^N \OT1/lmr/m/n/12 = (\OML/lmm/m/it/12 A; ^^N; C\OT1/lmr/m/n/12 )$ \T1/lmr/m/n/12 y $\OML/lmm/m/it/12 ^^N[] \OT1/lmr/m/n/12 = (\OML/lmm/m/it/12 A[]; ^^N[]; C[]\OT1/lmr/m/n/12 )$\T1/lmr/m/n/12 , se tie-ne que $\U/euf/m/n/12 s[]\OML/lmm/m/it/12 ^^N [] ^^N[][] \OT1/lmr/m/n/12 = \U/euf/m/n/12 s\OT1/lmr/m/n/12 (\OML/lmm/m/it/12 ^^N\OT1/lmr/m/n/12 ) [] \U/euf/m/n/12 s\OT1/lmr/m/n/12 (\OML/lmm/m/it/12 ^^N[]\OT1/lmr/m/n/12 )$\T1/lmr/m/n/12 . 
 []

LaTeX Info: Redefining \. on input line 202.
LaTeX Info: Redefining \% on input line 202.
[136]
LaTeX Info: Redefining \. on input line 249.
LaTeX Info: Redefining \% on input line 249.
 [137]
LaTeX Info: Redefining \. on input line 302.
LaTeX Info: Redefining \% on input line 302.
 [138]
LaTeX Info: Redefining \. on input line 350.
LaTeX Info: Redefining \% on input line 350.
 [139]
LaTeX Info: Redefining \. on input line 392.
LaTeX Info: Redefining \% on input line 392.
 [140]
LaTeX Info: Redefining \. on input line 446.
LaTeX Info: Redefining \% on input line 446.
 [141]
Underfull \hbox (badness 10000) in paragraph at lines 484--485

 []


Underfull \hbox (badness 10000) in paragraph at lines 486--487

 []


Underfull \hbox (badness 10000) in paragraph at lines 495--496

 []

LaTeX Info: Redefining \. on input line 504.
LaTeX Info: Redefining \% on input line 504.
[142]
Underfull \hbox (badness 10000) in paragraph at lines 517--518

 []


Underfull \hbox (badness 10000) in paragraph at lines 519--520

 []

LaTeX Info: Redefining \. on input line 549.
LaTeX Info: Redefining \% on input line 549.
[143]
LaTeX Info: Redefining \. on input line 634.
LaTeX Info: Redefining \% on input line 634.
 [144]
LaTeX Info: Redefining \. on input line 683.
LaTeX Info: Redefining \% on input line 683.
 [145]
LaTeX Info: Redefining \. on input line 740.
LaTeX Info: Redefining \% on input line 740.
 [146]
LaTeX Info: Redefining \. on input line 790.
LaTeX Info: Redefining \% on input line 790.
 [147]
LaTeX Info: Redefining \. on input line 840.
LaTeX Info: Redefining \% on input line 840.
 [148]
Overfull \hbox (3.2073pt too wide) in paragraph at lines 843--845
[][]\T1/lmr/bx/n/12 Proposicin 4.4.14 []\T1/lmr/m/n/12 [[][]NP19[][], Pro-po-si-tion 3.15][] Sean $\OT1/lmr/m/n/12 (\U/rsfs/m/n/12 A\OML/lmm/m/it/12 ; \U/msb/m/n/12 E\OML/lmm/m/it/12 ; \U/euf/m/n/12 s\OT1/lmr/m/n/12 )$ \T1/lmr/m/n/12 una ca-te-go-ra ex-trian-gu-la-da y $\OML/lmm/m/it/12 C \OMS/lmsy/m/n/12 2 []\OT1/lmr/m/n/12 (\U/rsfs/m/n/12 A\OT1/lmr/m/n/12 )$\T1/lmr/m/n/12 .
 []

LaTeX Info: Redefining \. on input line 884.
LaTeX Info: Redefining \% on input line 884.
[149]
Underfull \hbox (badness 10000) in paragraph at lines 919--921

 []

LaTeX Info: Redefining \. on input line 929.
LaTeX Info: Redefining \% on input line 929.
[150]
Underfull \hbox (badness 10000) in paragraph at lines 930--931

 []


Overfull \hbox (3.29674pt too wide) in paragraph at lines 956--958
[][]\T1/lmr/bx/n/12 Corolario 4.4.15 []\T1/lmr/m/n/12 [[][]NP19[][], Co-ro-llary 3.16][] Sean $\OT1/lmr/m/n/12 (\U/rsfs/m/n/12 A\OML/lmm/m/it/12 ; \U/msb/m/n/12 E\OML/lmm/m/it/12 ; \U/euf/m/n/12 s\OT1/lmr/m/n/12 )$ \T1/lmr/m/n/12 una ca-te-go-ra ex-trian-gu-la-da, y $\OML/lmm/m/it/12 x \OMS/lmsy/m/n/12 2 [][]\OT1/lmr/m/n/12 (\OML/lmm/m/it/12 A; B\OT1/lmr/m/n/12 )$\T1/lmr/m/n/12 ,
 []


Underfull \hbox (badness 10000) in paragraph at lines 962--963

 []

LaTeX Info: Redefining \. on input line 972.
LaTeX Info: Redefining \% on input line 972.
[151]
LaTeX Info: Redefining \. on input line 1005.
LaTeX Info: Redefining \% on input line 1005.
 [152]
LaTeX Info: Redefining \. on input line 1050.
LaTeX Info: Redefining \% on input line 1050.
 [153]
LaTeX Info: Redefining \. on input line 1092.
LaTeX Info: Redefining \% on input line 1092.
 [154]
Underfull \hbox (badness 10000) in paragraph at lines 1097--1099

 []

LaTeX Info: Redefining \. on input line 1132.
LaTeX Info: Redefining \% on input line 1132.
[155]
Underfull \hbox (badness 10000) in paragraph at lines 1152--1153

 []


Underfull \hbox (badness 10000) in paragraph at lines 1154--1155

 []


Underfull \hbox (badness 10000) in paragraph at lines 1156--1157

 []


Underfull \hbox (badness 10000) in paragraph at lines 1158--1159

 []

LaTeX Info: Redefining \. on input line 1178.
LaTeX Info: Redefining \% on input line 1178.
[156]
Underfull \hbox (badness 10000) in paragraph at lines 1214--1215

 []


Underfull \hbox (badness 10000) in paragraph at lines 1226--1228

 []

LaTeX Info: Redefining \. on input line 1228.
LaTeX Info: Redefining \% on input line 1228.
[157]
Underfull \hbox (badness 10000) in paragraph at lines 1229--1230

 []


Underfull \hbox (badness 10000) in paragraph at lines 1231--1232

 []


Underfull \hbox (badness 10000) in paragraph at lines 1257--1258

 []

LaTeX Info: Redefining \. on input line 1269.
LaTeX Info: Redefining \% on input line 1269.
[158]
Underfull \hbox (badness 10000) in paragraph at lines 1270--1271

 []


Underfull \hbox (badness 10000) in paragraph at lines 1302--1303

 []


Underfull \hbox (badness 10000) in paragraph at lines 1304--1305

 []

LaTeX Info: Redefining \. on input line 1305.
LaTeX Info: Redefining \% on input line 1305.
[159]
Underfull \hbox (badness 10000) in paragraph at lines 1306--1307

 []

LaTeX Info: Redefining \. on input line 1340.
LaTeX Info: Redefining \% on input line 1340.
[160]
LaTeX Info: Redefining \. on input line 1380.
LaTeX Info: Redefining \% on input line 1380.
 [161]
LaTeX Info: Redefining \. on input line 1451.
LaTeX Info: Redefining \% on input line 1451.
 [162]
Underfull \hbox (badness 10000) in paragraph at lines 1475--1476

 []


Underfull \hbox (badness 10000) in paragraph at lines 1481--1483

 []

LaTeX Info: Redefining \. on input line 1489.
LaTeX Info: Redefining \% on input line 1489.
[163]
Underfull \hbox (badness 10000) in paragraph at lines 1514--1516

 []

LaTeX Info: Redefining \. on input line 1526.
LaTeX Info: Redefining \% on input line 1526.
[164]
LaTeX Info: Redefining \. on input line 1590.
LaTeX Info: Redefining \% on input line 1590.
 [165]) (./5.tex
LaTeX Info: Redefining \. on input line 4.
LaTeX Info: Redefining \% on input line 4.
 [166]
Ap\'{e}ndice A.
[167

]
LaTeX Info: Redefining \. on input line 102.
LaTeX Info: Redefining \% on input line 102.
 [168]
LaTeX Info: Redefining \. on input line 164.
LaTeX Info: Redefining \% on input line 164.
 [169]
Underfull \hbox (badness 10000) in paragraph at lines 191--193

 []

LaTeX Info: Redefining \. on input line 195.
LaTeX Info: Redefining \% on input line 195.
[170]
LaTeX Info: Redefining \. on input line 245.
LaTeX Info: Redefining \% on input line 245.
 [171]
Underfull \hbox (badness 10000) in paragraph at lines 251--253

 []

LaTeX Info: Redefining \. on input line 299.
LaTeX Info: Redefining \% on input line 299.
[172]
LaTeX Info: Redefining \. on input line 364.
LaTeX Info: Redefining \% on input line 364.
 [173]
LaTeX Info: Redefining \. on input line 413.
LaTeX Info: Redefining \% on input line 413.
 [174]
LaTeX Info: Redefining \. on input line 476.
LaTeX Info: Redefining \% on input line 476.
 [175]
LaTeX Info: Redefining \. on input line 531.
LaTeX Info: Redefining \% on input line 531.
 [176]
LaTeX Info: Redefining \. on input line 593.
LaTeX Info: Redefining \% on input line 593.
 [177]
LaTeX Info: Redefining \. on input line 652.
LaTeX Info: Redefining \% on input line 652.
 [178]
Underfull \hbox (badness 10000) in paragraph at lines 658--659

 []

LaTeX Info: Redefining \. on input line 709.
LaTeX Info: Redefining \% on input line 709.
[179]
LaTeX Info: Redefining \. on input line 744.
LaTeX Info: Redefining \% on input line 744.
 [180]
LaTeX Info: Redefining \. on input line 799.
LaTeX Info: Redefining \% on input line 799.
 [181]
LaTeX Info: Redefining \. on input line 842.
LaTeX Info: Redefining \% on input line 842.
 [182]
LaTeX Info: Redefining \. on input line 900.
LaTeX Info: Redefining \% on input line 900.
 [183]
LaTeX Info: Redefining \. on input line 966.
LaTeX Info: Redefining \% on input line 966.
 [184]
LaTeX Info: Redefining \. on input line 1004.
LaTeX Info: Redefining \% on input line 1004.
 [185]
LaTeX Info: Redefining \. on input line 1068.
LaTeX Info: Redefining \% on input line 1068.
 [186]
LaTeX Info: Redefining \. on input line 1122.
LaTeX Info: Redefining \% on input line 1122.
 [187]
Underfull \hbox (badness 10000) in paragraph at lines 1129--1131

 []


Underfull \hbox (badness 10000) in paragraph at lines 1152--1153

 []

LaTeX Info: Redefining \. on input line 1166.
LaTeX Info: Redefining \% on input line 1166.
[188]
LaTeX Info: Redefining \. on input line 1212.
LaTeX Info: Redefining \% on input line 1212.
 [189]
LaTeX Info: Redefining \. on input line 1256.
LaTeX Info: Redefining \% on input line 1256.
 [190]
LaTeX Info: Redefining \. on input line 1308.
LaTeX Info: Redefining \% on input line 1308.
 [191]
LaTeX Info: Redefining \. on input line 1348.
LaTeX Info: Redefining \% on input line 1348.
 [192]
LaTeX Info: Redefining \. on input line 1391.
LaTeX Info: Redefining \% on input line 1391.
 [193]
LaTeX Info: Redefining \. on input line 1439.
LaTeX Info: Redefining \% on input line 1439.
 [194]
LaTeX Info: Redefining \. on input line 1483.
LaTeX Info: Redefining \% on input line 1483.
 [195]
LaTeX Info: Redefining \. on input line 1530.
LaTeX Info: Redefining \% on input line 1530.
 [196]
LaTeX Info: Redefining \. on input line 1587.
LaTeX Info: Redefining \% on input line 1587.
 [197]
Underfull \hbox (badness 10000) in paragraph at lines 1593--1594

 []


Underfull \hbox (badness 10000) in paragraph at lines 1595--1596

 []

LaTeX Info: Redefining \. on input line 1630.
LaTeX Info: Redefining \% on input line 1630.
[198]
LaTeX Info: Redefining \. on input line 1694.
LaTeX Info: Redefining \% on input line 1694.
 [199]
Underfull \hbox (badness 10000) in paragraph at lines 1713--1714

 []


Underfull \hbox (badness 10000) in paragraph at lines 1722--1724

 []

LaTeX Info: Redefining \. on input line 1743.
LaTeX Info: Redefining \% on input line 1743.
[200]
Underfull \hbox (badness 10000) in paragraph at lines 1808--1809

 []

LaTeX Info: Redefining \. on input line 1809.
LaTeX Info: Redefining \% on input line 1809.
[201]
LaTeX Info: Redefining \. on input line 1855.
LaTeX Info: Redefining \% on input line 1855.
 [202]
Underfull \hbox (badness 10000) in paragraph at lines 1894--1895

 []


Underfull \hbox (badness 10000) in paragraph at lines 1896--1897

 []

LaTeX Info: Redefining \. on input line 1899.
LaTeX Info: Redefining \% on input line 1899.
[203]
Underfull \hbox (badness 10000) in paragraph at lines 1903--1905

 []

LaTeX Info: Redefining \. on input line 1952.
LaTeX Info: Redefining \% on input line 1952.
[204]
Underfull \hbox (badness 10000) in paragraph at lines 1993--1994

 []

LaTeX Info: Redefining \. on input line 2015.
LaTeX Info: Redefining \% on input line 2015.
[205]
Underfull \hbox (badness 10000) in paragraph at lines 2050--2051

 []


Underfull \hbox (badness 10000) in paragraph at lines 2052--2053

 []

LaTeX Info: Redefining \. on input line 2065.
LaTeX Info: Redefining \% on input line 2065.
[206])
LaTeX Info: Redefining \. on input line 37.
LaTeX Info: Redefining \% on input line 37.
 [207]
LaTeX Info: Redefining \. on input line 37.
LaTeX Info: Redefining \% on input line 37.
 [208

]
LaTeX Font Info:    Trying to load font information for T1+lmtt on input line 37.
 (/usr/share/texmf-dist/tex/latex/lm/t1lmtt.fd
File: t1lmtt.fd 2015/05/01 v1.6.1 Font defs for Latin Modern
)
Overfull \hbox (7.28326pt too wide) in paragraph at lines 38--38
[]\T1/lmr/m/n/12 J. o-vek. \T1/lmr/m/it/12 Exact Mo-del Ca-te-go-ries, Ap-pro-xi-ma-tion Theory, and Co-ho-mo-logy of Quasi-Coherent
 []


Overfull \hbox (5.64038pt too wide) in paragraph at lines 38--38
[]\T1/lmr/m/n/12 N. Yo-ne-da. ``On Ext and Exact Se-quen-ces''. En: \T1/lmr/m/it/12 J. Fac. Sci. Univ. Tok-yo \T1/lmr/m/n/12 8 (1960), pgs. 507[]576. 
 []

[209] (./tesis.aux
LaTeX Info: Redefining \sptext on input line 28.
LaTeX Info: Redefining \. on input line 28.
LaTeX Info: Redefining \% on input line 28.
)

LaTeX Warning: There were multiply-defined labels.

Package rerunfilecheck Info: File `tesis.out' has not changed.
(rerunfilecheck)             Checksum: 76CEAA3D86D6B38C50A020D08F6A7C74;7475.
Package logreq Info: Writing requests to 'tesis.run.xml'.
\openout1 = `tesis.run.xml'.

 ) 
Here is how much of TeX's memory you used:
 73856 strings out of 478238
 1739612 string characters out of 5850457
 2091551 words of memory out of 5000000
 90015 multiletter control sequences out of 15000+600000
 593266 words of font info for 124 fonts, out of 8000000 for 9000
 1141 hyphenation exceptions out of 8191
 88i,19n,83p,1767b,1972s stack positions out of 5000i,500n,10000p,200000b,80000s
{/usr/share/texmf-dist/fonts/enc/dvips/lm/lm-ec.enc}{/usr/share/texmf-dist/fonts/enc/dvips/lm/lm-rm.enc}{/usr/share/texmf-dist/fonts/enc/dvips/lm/lm-mathit.enc} </home/diek/.texlive/texmf-var/fonts/pk/ljfour/public/bbm/bbm12.600pk>{/usr/share/texmf-dist/fonts/enc/dvips/lm/lm-mathsy.enc}{/usr/share/texmf-dist/fonts/enc/dvips/lm/lm-mathex.enc}</usr/share/texmf-dist/fonts/type1/public/amsfonts/euler/eufm10.pfb></usr/share/texmf-dist/fonts/type1/public/lm/lmbx12.pfb></usr/share/texmf-dist/fonts/type1/public/lm/lmbx8.pfb></usr/share/texmf-dist/fonts/type1/public/lm/lmcsc10.pfb></usr/share/texmf-dist/fonts/type1/public/lm/lmex10.pfb></usr/share/texmf-dist/fonts/type1/public/lm/lmmi10.pfb></usr/share/texmf-dist/fonts/type1/public/lm/lmmi12.pfb></usr/share/texmf-dist/fonts/type1/public/lm/lmmi6.pfb></usr/share/texmf-dist/fonts/type1/public/lm/lmmi7.pfb></usr/share/texmf-dist/fonts/type1/public/lm/lmmi8.pfb></usr/share/texmf-dist/fonts/type1/public/lm/lmr10.pfb></usr/share/texmf-dist/fonts/type1/public/lm/lmr12.pfb></usr/share/texmf-dist/fonts/type1/public/lm/lmr17.pfb></usr/share/texmf-dist/fonts/type1/public/lm/lmr6.pfb></usr/share/texmf-dist/fonts/type1/public/lm/lmr7.pfb></usr/share/texmf-dist/fonts/type1/public/lm/lmr8.pfb></usr/share/texmf-dist/fonts/type1/public/lm/lmri10.pfb></usr/share/texmf-dist/fonts/type1/public/lm/lmri12.pfb></usr/share/texmf-dist/fonts/type1/public/lm/lmro12.pfb></usr/share/texmf-dist/fonts/type1/public/lm/lmsy10.pfb></usr/share/texmf-dist/fonts/type1/public/lm/lmsy6.pfb></usr/share/texmf-dist/fonts/type1/public/lm/lmsy8.pfb></usr/share/texmf-dist/fonts/type1/public/lm/lmtt12.pfb></usr/share/texmf-dist/fonts/type1/public/amsfonts/symbols/msam10.pfb></usr/share/texmf-dist/fonts/type1/public/amsfonts/symbols/msbm10.pfb></usr/share/texmf-dist/fonts/type1/public/amsfonts/symbols/msbm7.pfb></usr/share/texmf-dist/fonts/type1/public/rsfs/rsfs10.pfb></usr/share/texmf-dist/fonts/type1/public/rsfs/rsfs5.pfb></usr/share/texmf-dist/fonts/type1/public/rsf
s/rsfs7.pfb>
Output written on tesis.pdf (209 pages, 1472029 bytes).
PDF statistics:
 3387 PDF objects out of 3580 (max. 8388607)
 3015 compressed objects within 31 object streams
 1282 named destinations out of 1440 (max. 500000)
 295 words of extra memory for PDF output out of 10000 (max. 10000000)

