\BOOKMARK [0][-]{chapter*.4}{\376\377\000I\000n\000t\000r\000o\000d\000u\000c\000c\000i\000\363\000n}{}% 1
\BOOKMARK [0][-]{chapter.0}{\376\377\000A\000l\000g\000u\000n\000a\000s\000\040\000n\000o\000c\000i\000o\000n\000e\000s\000\040\000g\000e\000n\000e\000r\000a\000l\000e\000s\000\040\000d\000e\000\040\000l\000a\000\040\000t\000e\000o\000r\000\355\000a\000\040\000d\000e\000\040\000c\000a\000t\000e\000g\000o\000r\000\355\000a\000s}{}% 2
\BOOKMARK [1][-]{section.0.1}{\376\377\000D\000e\000f\000i\000n\000i\000c\000i\000\363\000n\000\040\000d\000e\000\040\000c\000a\000t\000e\000g\000o\000r\000\355\000a}{chapter.0}% 3
\BOOKMARK [1][-]{section.0.2}{\376\377\000M\000o\000r\000f\000i\000s\000m\000o\000s\000\040\000e\000s\000p\000e\000c\000i\000a\000l\000e\000s}{chapter.0}% 4
\BOOKMARK [1][-]{section.0.3}{\376\377\000F\000u\000n\000t\000o\000r\000e\000s}{chapter.0}% 5
\BOOKMARK [1][-]{section.0.4}{\376\377\000D\000u\000a\000l\000i\000d\000a\000d}{chapter.0}% 6
\BOOKMARK [1][-]{section.0.5}{\376\377\000L\000\355\000m\000i\000t\000e\000s\000\040\000y\000\040\000c\000o\000l\000\355\000m\000i\000t\000e\000s}{chapter.0}% 7
\BOOKMARK [1][-]{section.0.6}{\376\377\000T\000r\000a\000n\000s\000f\000o\000r\000m\000a\000c\000i\000o\000n\000e\000s\000\040\000n\000a\000t\000u\000r\000a\000l\000e\000s}{chapter.0}% 8
\BOOKMARK [0][-]{chapter.1}{\376\377\000C\000a\000t\000e\000g\000o\000r\000\355\000a\000s\000\040\000a\000d\000i\000t\000i\000v\000a\000s}{}% 9
\BOOKMARK [1][-]{section.1.1}{\376\377\000C\000a\000t\000e\000g\000o\000r\000\355\000a\000s\000\040\000c\000o\000n\000\040\000o\000b\000j\000e\000t\000o\000\040\000c\000e\000r\000o}{chapter.1}% 10
\BOOKMARK [1][-]{section.1.2}{\376\377\000C\000a\000t\000e\000g\000o\000r\000\355\000a\000s\000\040\000s\000e\000m\000i\000a\000d\000i\000t\000i\000v\000a\000s}{chapter.1}% 11
\BOOKMARK [1][-]{section.1.3}{\376\377\000C\000a\000t\000e\000g\000o\000r\000\355\000a\000s\000\040\000p\000r\000e\000a\000d\000i\000t\000i\000v\000a\000s\000\040\000y\000\040\000Z\000-\000c\000a\000t\000e\000g\000o\000r\000\355\000a\000s}{chapter.1}% 12
\BOOKMARK [1][-]{section.1.4}{\376\377\000C\000a\000t\000e\000g\000o\000r\000\355\000a\000s\000\040\000a\000d\000i\000t\000i\000v\000a\000s}{chapter.1}% 13
\BOOKMARK [1][-]{section.1.5}{\376\377\000F\000u\000n\000t\000o\000r\000e\000s\000\040\000a\000d\000i\000t\000i\000v\000o\000s}{chapter.1}% 14
\BOOKMARK [0][-]{chapter.2}{\376\377\000C\000a\000t\000e\000g\000o\000r\000\355\000a\000s\000\040\000e\000x\000a\000c\000t\000a\000s}{}% 15
\BOOKMARK [1][-]{section.2.1}{\376\377\000D\000e\000f\000i\000n\000i\000c\000i\000\363\000n\000\040\000d\000e\000\040\000c\000a\000t\000e\000g\000o\000r\000\355\000a\000\040\000e\000x\000a\000c\000t\000a}{chapter.2}% 16
\BOOKMARK [1][-]{section.2.2}{\376\377\000P\000r\000o\000p\000i\000e\000d\000a\000d\000e\000s\000\040\000f\000u\000n\000d\000a\000m\000e\000n\000t\000a\000l\000e\000s\000\040\000d\000e\000\040\000c\000a\000t\000e\000g\000o\000r\000\355\000a\000s\000\040\000e\000x\000a\000c\000t\000a\000s}{chapter.2}% 17
\BOOKMARK [1][-]{section.2.3}{\376\377\000E\000l\000\040\000b\000i\000f\000u\000n\000t\000o\000r\000\040\000a\000d\000i\000t\000i\000v\000o\000\040\000E\000x\000t\0001\000\040\000e\000n\000\040\000c\000a\000t\000e\000g\000o\000r\000\355\000a\000s\000\040\000e\000x\000a\000c\000t\000a\000s}{chapter.2}% 18
\BOOKMARK [0][-]{chapter.3}{\376\377\000C\000a\000t\000e\000g\000o\000r\000\355\000a\000s\000\040\000t\000r\000i\000a\000n\000g\000u\000l\000a\000d\000a\000s}{}% 19
\BOOKMARK [1][-]{section.3.1}{\376\377\000D\000e\000f\000i\000n\000i\000c\000i\000\363\000n\000\040\000d\000e\000\040\000c\000a\000t\000e\000g\000o\000r\000\355\000a\000\040\000t\000r\000i\000a\000n\000g\000u\000l\000a\000d\000a}{chapter.3}% 20
\BOOKMARK [1][-]{section.3.2}{\376\377\000P\000r\000o\000p\000i\000e\000d\000a\000d\000e\000s\000\040\000f\000u\000n\000d\000a\000m\000e\000n\000t\000a\000l\000e\000s\000\040\000d\000e\000\040\000c\000a\000t\000e\000g\000o\000r\000\355\000a\000s\000\040\000t\000r\000i\000a\000n\000g\000u\000l\000a\000d\000a\000s}{chapter.3}% 21
\BOOKMARK [1][-]{section.3.3}{\376\377\000E\000l\000\040\000b\000i\000f\000u\000n\000t\000o\000r\000\040\000a\000d\000i\000t\000i\000v\000o\000\040\000E\000x\000t\0001\000\040\000e\000n\000\040\000c\000a\000t\000e\000g\000o\000r\000\355\000a\000s\000\040\000t\000r\000i\000a\000n\000g\000u\000l\000a\000d\000a\000s}{chapter.3}% 22
\BOOKMARK [0][-]{chapter.4}{\376\377\000C\000a\000t\000e\000g\000o\000r\000\355\000a\000s\000\040\000e\000x\000t\000r\000i\000a\000n\000g\000u\000l\000a\000d\000a\000s}{}% 23
\BOOKMARK [1][-]{section.4.1}{\376\377\000C\000a\000t\000e\000g\000o\000r\000\355\000a\000s\000\040\000d\000e\000\040\000F\000r\000o\000b\000e\000n\000i\000u\000s\000\040\000y\000\040\000c\000a\000t\000e\000g\000o\000r\000\355\000a\000s\000\040\000e\000s\000t\000a\000b\000l\000e\000s\000\040\000a\000s\000o\000c\000i\000a\000d\000a\000s}{chapter.4}% 24
\BOOKMARK [1][-]{section.4.2}{\376\377\000D\000e\000f\000i\000n\000i\000c\000i\000\363\000n\000\040\000d\000e\000\040\000c\000a\000t\000e\000g\000o\000r\000\355\000a\000\040\000e\000x\000t\000r\000i\000a\000n\000g\000u\000l\000a\000d\000a}{chapter.4}% 25
\BOOKMARK [1][-]{section.4.3}{\376\377\000T\000e\000r\000m\000i\000n\000o\000l\000o\000g\000\355\000a\000\040\000e\000n\000\040\000c\000a\000t\000e\000g\000o\000r\000\355\000a\000s\000\040\000e\000x\000t\000r\000i\000a\000n\000g\000u\000l\000a\000d\000a\000s}{chapter.4}% 26
\BOOKMARK [1][-]{section.4.4}{\376\377\000P\000r\000o\000p\000i\000e\000d\000a\000d\000e\000s\000\040\000f\000u\000n\000d\000a\000m\000e\000n\000t\000a\000l\000e\000s\000\040\000d\000e\000\040\000c\000a\000t\000e\000g\000o\000r\000\355\000a\000s\000\040\000e\000x\000t\000r\000i\000a\000n\000g\000u\000l\000a\000d\000a\000s}{chapter.4}% 27
\BOOKMARK [0][-]{appendix.Alph1}{\376\377\000C\000a\000t\000e\000g\000o\000r\000\355\000a\000s\000\040\000a\000b\000e\000l\000i\000a\000n\000a\000s}{}% 28
\BOOKMARK [1][-]{section.Alph1.1}{\376\377\000I\000n\000t\000e\000r\000s\000e\000c\000c\000i\000o\000n\000e\000s\000,\000\040\000u\000n\000i\000o\000n\000e\000s\000,\000\040\000i\000m\000\341\000g\000e\000n\000e\000s\000\040\000y\000\040\000p\000r\000e\000i\000m\000\341\000g\000e\000n\000e\000s}{appendix.Alph1}% 29
\BOOKMARK [1][-]{section.Alph1.2}{\376\377\000C\000a\000t\000e\000g\000o\000r\000\355\000a\000s\000\040\000c\000o\000n\000\040\000n\000\372\000c\000l\000e\000o\000s\000\040\000y\000\040\000c\000o\000n\000\372\000c\000l\000e\000o\000s}{appendix.Alph1}% 30
\BOOKMARK [1][-]{section.Alph1.3}{\376\377\000C\000a\000t\000e\000g\000o\000r\000\355\000a\000s\000\040\000n\000o\000r\000m\000a\000l\000e\000s\000\040\000y\000\040\000c\000o\000n\000o\000r\000m\000a\000l\000e\000s}{appendix.Alph1}% 31
\BOOKMARK [1][-]{section.Alph1.4}{\376\377\000C\000a\000t\000e\000g\000o\000r\000\355\000a\000s\000\040\000P\000u\000p\000p\000e\000-\000e\000x\000a\000c\000t\000a\000s}{appendix.Alph1}% 32
\BOOKMARK [1][-]{section.Alph1.5}{\376\377\000C\000a\000t\000e\000g\000o\000r\000\355\000a\000s\000\040\000a\000b\000e\000l\000i\000a\000n\000a\000s}{appendix.Alph1}% 33
\BOOKMARK [1][-]{section.Alph1.6}{\376\377\000P\000r\000o\000p\000i\000e\000d\000a\000d\000e\000s\000\040\000f\000u\000n\000d\000a\000m\000e\000n\000t\000a\000l\000e\000s\000\040\000d\000e\000\040\000c\000a\000t\000e\000g\000o\000r\000\355\000a\000s\000\040\000a\000b\000e\000l\000i\000a\000n\000a\000s}{appendix.Alph1}% 34
